<!DOCTYPE html>

<html>
  <head>
  <meta charset='utf-8'>
  <title>TestNG reports</title>

    <link type="text/css" href="testng-reports1.css" rel="stylesheet" id="ultra" />
    <link type="text/css" href="testng-reports.css" rel="stylesheet" id="retro" disabled="false"/>
    <script type="text/javascript" src="jquery.min.js"></script>
    <script type="text/javascript" src="testng-reports.js"></script>
    <script type="text/javascript" src="https://www.google.com/jsapi"></script>
    <script type='text/javascript'>
      google.load('visualization', '1', {packages:['table']});
      google.setOnLoadCallback(drawTable);
      var suiteTableInitFunctions = new Array();
      var suiteTableData = new Array();
    </script>
    <!--
      <script type="text/javascript" src="jquery-ui/js/jquery-ui-1.8.16.custom.min.js"></script>
     -->
  </head>

  <body>
    <div class="top-banner-root">
      <span class="top-banner-title-font">Test results</span>
      <button id="button" class="button">Switch Retro Theme</button> <!-- button -->
      <br/>
      <span class="top-banner-font-1">1 suite, 10 failed tests</span>
    </div> <!-- top-banner-root -->
    <div class="navigator-root">
      <div class="navigator-suite-header">
        <span>All suites</span>
        <a href="#" title="Collapse/expand all the suites" class="collapse-all-link">
          <img src="collapseall.gif" class="collapse-all-icon">
          </img> <!-- collapse-all-icon -->
        </a> <!-- collapse-all-link -->
      </div> <!-- navigator-suite-header -->
      <div class="suite">
        <div class="rounded-window">
          <div class="suite-header light-rounded-window-top">
            <a href="#" panel-name="suite-Suite" class="navigator-link">
              <span class="suite-name border-failed">Suite</span>
            </a> <!-- navigator-link -->
          </div> <!-- suite-header light-rounded-window-top -->
          <div class="navigator-suite-content">
            <div class="suite-section-title">
              <span>Info</span>
            </div> <!-- suite-section-title -->
            <div class="suite-section-content">
              <ul>
                <li>
                  <a href="#" panel-name="test-xml-Suite" class="navigator-link ">
                    <span>C:\Users\sunny\eclipse-workspace\AmazonAutomation\testng.xml</span>
                  </a> <!-- navigator-link  -->
                </li>
                <li>
                  <a href="#" panel-name="testlist-Suite" class="navigator-link ">
                    <span class="test-stats">1 test</span>
                  </a> <!-- navigator-link  -->
                </li>
                <li>
                  <a href="#" panel-name="group-Suite" class="navigator-link ">
                    <span>0 groups</span>
                  </a> <!-- navigator-link  -->
                </li>
                <li>
                  <a href="#" panel-name="times-Suite" class="navigator-link ">
                    <span>Times</span>
                  </a> <!-- navigator-link  -->
                </li>
                <li>
                  <a href="#" panel-name="reporter-Suite" class="navigator-link ">
                    <span>Reporter output</span>
                  </a> <!-- navigator-link  -->
                </li>
                <li>
                  <a href="#" panel-name="ignored-methods-Suite" class="navigator-link ">
                    <span>Ignored methods</span>
                  </a> <!-- navigator-link  -->
                </li>
                <li>
                  <a href="#" panel-name="chronological-Suite" class="navigator-link ">
                    <span>Chronological view</span>
                  </a> <!-- navigator-link  -->
                </li>
              </ul>
            </div> <!-- suite-section-content -->
            <div class="result-section">
              <div class="suite-section-title">
                <span>Results</span>
              </div> <!-- suite-section-title -->
              <div class="suite-section-content">
                <ul>
                  <li>
                    <span class="method-stats">35 methods, 10 failed,  7 skipped,  18 passed</span>
                  </li>
                  <li>
                    <span class="method-list-title failed">Failed methods</span>
                    <span class="show-or-hide-methods failed">
                      <a href="#" panel-name="suite-Suite" class="hide-methods failed suite-Suite"> (hide)</a> <!-- hide-methods failed suite-Suite -->
                      <a href="#" panel-name="suite-Suite" class="show-methods failed suite-Suite"> (show)</a> <!-- show-methods failed suite-Suite -->
                    </span>
                    <div class="method-list-content failed suite-Suite">
                      <span>
                        <img src="failed.png" width="3%"/>
                        <a href="#" panel-name="suite-Suite" title="com.amazon.testcases.YourPayementTestCases" class="method navigator-link" hash-for-method="AddCardDetails">AddCardDetails</a> <!-- method navigator-link -->
                      </span>
                      <br/>
                      <span>
                        <img src="failed.png" width="3%"/>
                        <a href="#" panel-name="suite-Suite" title="com.amazon.testcases.YourAddressTestCases" class="method navigator-link" hash-for-method="Address(Valid, Sunny Virdi, 437-992-4557, 2152 lawrence Avenue East, Scarborough, M1R 0B5, 3063.0)">Address(Valid, Sunny Virdi, 437-992-4557, 2152 lawrence Avenue East, Scarborough, M1R 0B5, 3063.0)</a> <!-- method navigator-link -->
                      </span>
                      <br/>
                      <span>
                        <img src="failed.png" width="3%"/>
                        <a href="#" panel-name="suite-Suite" title="com.amazon.testcases.YourAddressTestCases" class="method navigator-link" hash-for-method="Address(Emp_Name, , 437-992-4557, 2152 lawrence Avenue East, Scarborough, M1R 0B5, 3063.0)">Address(Emp_Name, , 437-992-4557, 2152 lawrence Avenue East, Scarborough, M1R 0B5, 3063.0)</a> <!-- method navigator-link -->
                      </span>
                      <br/>
                      <span>
                        <img src="failed.png" width="3%"/>
                        <a href="#" panel-name="suite-Suite" title="com.amazon.testcases.ShoppingTestCases" class="method navigator-link" hash-for-method="Cart">Cart</a> <!-- method navigator-link -->
                      </span>
                      <br/>
                      <span>
                        <img src="failed.png" width="3%"/>
                        <a href="#" panel-name="suite-Suite" title="com.amazon.testcases.SignInTestCases" class="method navigator-link" hash-for-method="ExistingCustomer(Emp_Email, , Mi4i9074)">ExistingCustomer(Emp_Email, , Mi4i9074)</a> <!-- method navigator-link -->
                      </span>
                      <br/>
                      <span>
                        <img src="failed.png" width="3%"/>
                        <a href="#" panel-name="suite-Suite" title="com.amazon.testcases.SignInTestCases" class="method navigator-link" hash-for-method="ExistingCustomer(Wrng_Password, thisisvirdi@gmail.com, sunny)">ExistingCustomer(Wrng_Password, thisisvirdi@gmail.com, sunny)</a> <!-- method navigator-link -->
                      </span>
                      <br/>
                      <span>
                        <img src="failed.png" width="3%"/>
                        <a href="#" panel-name="suite-Suite" title="com.amazon.testcases.SignInTestCases" class="method navigator-link" hash-for-method="ExistingCustomer(Partial_PhnNo, 437-992, )">ExistingCustomer(Partial_PhnNo, 437-992, )</a> <!-- method navigator-link -->
                      </span>
                      <br/>
                      <span>
                        <img src="failed.png" width="3%"/>
                        <a href="#" panel-name="suite-Suite" title="com.amazon.testcases.GuestAccountTestCases" class="method navigator-link" hash-for-method="GuestAccount">GuestAccount</a> <!-- method navigator-link -->
                      </span>
                      <br/>
                      <span>
                        <img src="failed.png" width="3%"/>
                        <a href="#" panel-name="suite-Suite" title="com.amazon.testcases.ShippingTestCases" class="method navigator-link" hash-for-method="SelectItem">SelectItem</a> <!-- method navigator-link -->
                      </span>
                      <br/>
                      <span>
                        <img src="failed.png" width="3%"/>
                        <a href="#" panel-name="suite-Suite" title="com.amazon.testcases.SearchTestCases" class="method navigator-link" hash-for-method="seachItem">seachItem</a> <!-- method navigator-link -->
                      </span>
                      <br/>
                    </div> <!-- method-list-content failed suite-Suite -->
                  </li>
                  <li>
                    <span class="method-list-title skipped">Skipped methods</span>
                    <span class="show-or-hide-methods skipped">
                      <a href="#" panel-name="suite-Suite" class="hide-methods skipped suite-Suite"> (hide)</a> <!-- hide-methods skipped suite-Suite -->
                      <a href="#" panel-name="suite-Suite" class="show-methods skipped suite-Suite"> (show)</a> <!-- show-methods skipped suite-Suite -->
                    </span>
                    <div class="method-list-content skipped suite-Suite">
                      <span>
                        <img src="skipped.png" width="3%"/>
                        <a href="#" panel-name="suite-Suite" title="com.amazon.testcases.YourOrdersTestCases" class="method navigator-link" hash-for-method="OtherOptions">OtherOptions</a> <!-- method navigator-link -->
                      </span>
                      <br/>
                      <span>
                        <img src="skipped.png" width="3%"/>
                        <a href="#" panel-name="suite-Suite" title="com.amazon.testcases.CreateAccountTestCases" class="method navigator-link" hash-for-method="name(Ver_Auth, sunny virdi, sunnyvirdi0229@gmail.com, sunny123, sunny123)">name(Ver_Auth, sunny virdi, sunnyvirdi0229@gmail.com, sunny123, sunny123)</a> <!-- method navigator-link -->
                      </span>
                      <br/>
                      <span>
                        <img src="skipped.png" width="3%"/>
                        <a href="#" panel-name="suite-Suite" title="com.amazon.testcases.CreateAccountTestCases" class="method navigator-link" hash-for-method="name(Par_email, sunny virdi, thisisvirdi@, sunny123, sunny123)">name(Par_email, sunny virdi, thisisvirdi@, sunny123, sunny123)</a> <!-- method navigator-link -->
                      </span>
                      <br/>
                      <span>
                        <img src="skipped.png" width="3%"/>
                        <a href="#" panel-name="suite-Suite" title="com.amazon.testcases.CreateAccountTestCases" class="method navigator-link" hash-for-method="name(Valid, sunny virdi, thisisvirdi@gmail.com, sunny123, sunny)">name(Valid, sunny virdi, thisisvirdi@gmail.com, sunny123, sunny)</a> <!-- method navigator-link -->
                      </span>
                      <br/>
                      <span>
                        <img src="skipped.png" width="3%"/>
                        <a href="#" panel-name="suite-Suite" title="com.amazon.testcases.CreateAccountTestCases" class="method navigator-link" hash-for-method="name(Par_Mob, sunny virdi, +1647, sunny123, sunny123)">name(Par_Mob, sunny virdi, +1647, sunny123, sunny123)</a> <!-- method navigator-link -->
                      </span>
                      <br/>
                      <span>
                        <img src="skipped.png" width="3%"/>
                        <a href="#" panel-name="suite-Suite" title="com.amazon.testcases.CreateAccountTestCases" class="method navigator-link" hash-for-method="name(Emp_pa, sunny virdi, thisisvirdi@gmail.com, sunny123, )">name(Emp_pa, sunny virdi, thisisvirdi@gmail.com, sunny123, )</a> <!-- method navigator-link -->
                      </span>
                      <br/>
                      <span>
                        <img src="skipped.png" width="3%"/>
                        <a href="#" panel-name="suite-Suite" title="com.amazon.testcases.SearchTestCases" class="method navigator-link" hash-for-method="partialitem">partialitem</a> <!-- method navigator-link -->
                      </span>
                      <br/>
                    </div> <!-- method-list-content skipped suite-Suite -->
                  </li>
                  <li>
                    <span class="method-list-title passed">Passed methods</span>
                    <span class="show-or-hide-methods passed">
                      <a href="#" panel-name="suite-Suite" class="hide-methods passed suite-Suite"> (hide)</a> <!-- hide-methods passed suite-Suite -->
                      <a href="#" panel-name="suite-Suite" class="show-methods passed suite-Suite"> (show)</a> <!-- show-methods passed suite-Suite -->
                    </span>
                    <div class="method-list-content passed suite-Suite">
                      <span>
                        <img src="passed.png" width="3%"/>
                        <a href="#" panel-name="suite-Suite" title="com.amazon.testcases.YourAddressTestCases" class="method navigator-link" hash-for-method="Address(Wrng_Postal, Sunny Virdi, 437-992-4557, 2152 lawrence Avenue East, Scarborough, M1R, 3063.0)">Address(Wrng_Postal, Sunny Virdi, 437-992-4557, 2152 lawrence Avenue East, Scarborough, M1R, 3063.0)</a> <!-- method navigator-link -->
                      </span>
                      <br/>
                      <span>
                        <img src="passed.png" width="3%"/>
                        <a href="#" panel-name="suite-Suite" title="com.amazon.testcases.YourAddressTestCases" class="method navigator-link" hash-for-method="Address(Emp_PhnNo, Sunny Virdi, , 2152 lawrence Avenue East, Scarborough, M1R 0B5, 3063.0)">Address(Emp_PhnNo, Sunny Virdi, , 2152 lawrence Avenue East, Scarborough, M1R 0B5, 3063.0)</a> <!-- method navigator-link -->
                      </span>
                      <br/>
                      <span>
                        <img src="passed.png" width="3%"/>
                        <a href="#" panel-name="suite-Suite" title="com.amazon.testcases.YourAddressTestCases" class="method navigator-link" hash-for-method="Address(Emp_Add, Sunny Virdi, 437-992-4557, , Scarborough, M1R 0B5, 3063.0)">Address(Emp_Add, Sunny Virdi, 437-992-4557, , Scarborough, M1R 0B5, 3063.0)</a> <!-- method navigator-link -->
                      </span>
                      <br/>
                      <span>
                        <img src="passed.png" width="3%"/>
                        <a href="#" panel-name="suite-Suite" title="com.amazon.testcases.YourAddressTestCases" class="method navigator-link" hash-for-method="Address(Emp_City, Sunny Virdi, 437-992-4557, 2152 lawrence Avenue East, , M1R 0B5, 3063.0)">Address(Emp_City, Sunny Virdi, 437-992-4557, 2152 lawrence Avenue East, , M1R 0B5, 3063.0)</a> <!-- method navigator-link -->
                      </span>
                      <br/>
                      <span>
                        <img src="passed.png" width="3%"/>
                        <a href="#" panel-name="suite-Suite" title="com.amazon.testcases.YourAddressTestCases" class="method navigator-link" hash-for-method="Address(Emp_Postal, Sunny Virdi, 437-9924-557, 2152 lawrence Avenue East, Scarborough, , 3063.0)">Address(Emp_Postal, Sunny Virdi, 437-9924-557, 2152 lawrence Avenue East, Scarborough, , 3063.0)</a> <!-- method navigator-link -->
                      </span>
                      <br/>
                      <span>
                        <img src="passed.png" width="3%"/>
                        <a href="#" panel-name="suite-Suite" title="com.amazon.testcases.SignInTestCases" class="method navigator-link" hash-for-method="ExistingCustomer(Emp_Password, thisisvirdi@gmail.com, )">ExistingCustomer(Emp_Password, thisisvirdi@gmail.com, )</a> <!-- method navigator-link -->
                      </span>
                      <br/>
                      <span>
                        <img src="passed.png" width="3%"/>
                        <a href="#" panel-name="suite-Suite" title="com.amazon.testcases.SignInTestCases" class="method navigator-link" hash-for-method="ExistingCustomer(Partial_Email, sumny@gmail.com, Mi4i9074)">ExistingCustomer(Partial_Email, sumny@gmail.com, Mi4i9074)</a> <!-- method navigator-link -->
                      </span>
                      <br/>
                      <span>
                        <img src="passed.png" width="3%"/>
                        <a href="#" panel-name="suite-Suite" title="com.amazon.testcases.SignInTestCases" class="method navigator-link" hash-for-method="ExistingCustomer(Valid, thisisvirdi@gmail.com, Mi4i9074)">ExistingCustomer(Valid, thisisvirdi@gmail.com, Mi4i9074)</a> <!-- method navigator-link -->
                      </span>
                      <br/>
                      <span>
                        <img src="passed.png" width="3%"/>
                        <a href="#" panel-name="suite-Suite" title="com.amazon.testcases.YourPayementTestCases" class="method navigator-link" hash-for-method="Login">Login</a> <!-- method navigator-link -->
                      </span>
                      <br/>
                      <span>
                        <img src="passed.png" width="3%"/>
                        <a href="#" panel-name="suite-Suite" title="com.amazon.testcases.ShoppingTestCases" class="method navigator-link" hash-for-method="SearchItem">SearchItem</a> <!-- method navigator-link -->
                      </span>
                      <br/>
                      <span>
                        <img src="passed.png" width="3%"/>
                        <a href="#" panel-name="suite-Suite" title="com.amazon.testcases.YourPayementTestCases" class="method navigator-link" hash-for-method="UpdatePreferences">UpdatePreferences</a> <!-- method navigator-link -->
                      </span>
                      <br/>
                      <span>
                        <img src="passed.png" width="3%"/>
                        <a href="#" panel-name="suite-Suite" title="com.amazon.testcases.YourOrdersTestCases" class="method navigator-link" hash-for-method="YourOrders">YourOrders</a> <!-- method navigator-link -->
                      </span>
                      <br/>
                      <span>
                        <img src="passed.png" width="3%"/>
                        <a href="#" panel-name="suite-Suite" title="com.amazon.testcases.CreateAccountTestCases" class="method navigator-link" hash-for-method="name(Emp_ps, sunny virdi, thisisvirdi@gmail.com, , sunny123)">name(Emp_ps, sunny virdi, thisisvirdi@gmail.com, , sunny123)</a> <!-- method navigator-link -->
                      </span>
                      <br/>
                      <span>
                        <img src="passed.png" width="3%"/>
                        <a href="#" panel-name="suite-Suite" title="com.amazon.testcases.CreateAccountTestCases" class="method navigator-link" hash-for-method="name(Emp_EM, sunny virdi, , sunny123, sunny123)">name(Emp_EM, sunny virdi, , sunny123, sunny123)</a> <!-- method navigator-link -->
                      </span>
                      <br/>
                      <span>
                        <img src="passed.png" width="3%"/>
                        <a href="#" panel-name="suite-Suite" title="com.amazon.testcases.CreateAccountTestCases" class="method navigator-link" hash-for-method="name(Emp_na, , 437-992-4557, sunny123, sunny123)">name(Emp_na, , 437-992-4557, sunny123, sunny123)</a> <!-- method navigator-link -->
                      </span>
                      <br/>
                      <span>
                        <img src="passed.png" width="3%"/>
                        <a href="#" panel-name="suite-Suite" title="com.amazon.testcases.SearchTestCases" class="method navigator-link" hash-for-method="sortfilter">sortfilter</a> <!-- method navigator-link -->
                      </span>
                      <br/>
                      <span>
                        <img src="passed.png" width="3%"/>
                        <a href="#" panel-name="suite-Suite" title="com.amazon.testcases.SearchTestCases" class="method navigator-link" hash-for-method="sotirng">sotirng</a> <!-- method navigator-link -->
                      </span>
                      <br/>
                      <span>
                        <img src="passed.png" width="3%"/>
                        <a href="#" panel-name="suite-Suite" title="com.amazon.testcases.YourAccountTestCases" class="method navigator-link" hash-for-method="yourAccount">yourAccount</a> <!-- method navigator-link -->
                      </span>
                      <br/>
                    </div> <!-- method-list-content passed suite-Suite -->
                  </li>
                </ul>
              </div> <!-- suite-section-content -->
            </div> <!-- result-section -->
          </div> <!-- navigator-suite-content -->
        </div> <!-- rounded-window -->
      </div> <!-- suite -->
    </div> <!-- navigator-root -->
    <div class="wrapper">
      <div class="main-panel-root">
        <div panel-name="suite-Suite" class="panel Suite">
          <div class="suite-Suite-class-failed">
            <div class="main-panel-header rounded-window-top">
              <img src="failed.png"/>
              <span class="class-name">com.amazon.testcases.ShippingTestCases</span>
            </div> <!-- main-panel-header rounded-window-top -->
            <div class="main-panel-content rounded-window-bottom">
              <div class="method">
                <div class="method-content">
                  <a name="SelectItem">
                  </a> <!-- SelectItem -->
                  <span class="method-name">SelectItem</span>
                  <div class="stack-trace">org.openqa.selenium.NoSuchElementException: no such element: Unable to locate element: {&quot;method&quot;:&quot;xpath&quot;,&quot;selector&quot;:&quot;//input[@title=&apos;FREE Delivery on your first order&apos;]&quot;}
  (Session info: chrome=102.0.5005.115)
For documentation on this error, please visit: https://selenium.dev/exceptions/#no_such_element
Build info: version: &apos;4.1.1&apos;, revision: &apos;e8fcc2cecf&apos;
System info: host: &apos;SUNNY&apos;, ip: &apos;192.168.8.15&apos;, os.name: &apos;Windows 10&apos;, os.arch: &apos;amd64&apos;, os.version: &apos;10.0&apos;, java.version: &apos;17.0.2&apos;
Driver info: org.openqa.selenium.chrome.ChromeDriver
Command: [8161dfee112eed64e737473ce2bc750d, findElement {using=xpath, value=//input[@title=&apos;FREE Delivery on your first order&apos;]}]
Capabilities {acceptInsecureCerts: false, browserName: chrome, browserVersion: 102.0.5005.115, chrome: {chromedriverVersion: 101.0.4951.41 (93c720db8323..., userDataDir: C:\Users\sunny\AppData\Loca...}, goog:chromeOptions: {debuggerAddress: localhost:49174}, javascriptEnabled: true, networkConnectionEnabled: false, pageLoadStrategy: normal, platform: WINDOWS, platformName: WINDOWS, proxy: Proxy(), se:cdp: ws://localhost:49174/devtoo..., se:cdpVersion: 102.0.5005.115, setWindowRect: true, strictFileInteractability: false, timeouts: {implicit: 0, pageLoad: 300000, script: 30000}, unhandledPromptBehavior: dismiss and notify, webauthn:extension:credBlob: true, webauthn:extension:largeBlob: true, webauthn:virtualAuthenticators: true}
Session ID: 8161dfee112eed64e737473ce2bc750d
	at org.openqa.selenium.remote.codec.w3c.W3CHttpResponseCodec.createException(W3CHttpResponseCodec.java:200)
	at org.openqa.selenium.remote.codec.w3c.W3CHttpResponseCodec.decode(W3CHttpResponseCodec.java:133)
	at org.openqa.selenium.remote.codec.w3c.W3CHttpResponseCodec.decode(W3CHttpResponseCodec.java:53)
	at org.openqa.selenium.remote.HttpCommandExecutor.execute(HttpCommandExecutor.java:184)
	at org.openqa.selenium.remote.service.DriverCommandExecutor.invokeExecute(DriverCommandExecutor.java:167)
	at org.openqa.selenium.remote.service.DriverCommandExecutor.execute(DriverCommandExecutor.java:142)
	at org.openqa.selenium.remote.RemoteWebDriver.execute(RemoteWebDriver.java:543)
	at org.openqa.selenium.remote.ElementLocation$ElementFinder$2.findElement(ElementLocation.java:162)
	at org.openqa.selenium.remote.ElementLocation.findElement(ElementLocation.java:60)
	at org.openqa.selenium.remote.RemoteWebDriver.findElement(RemoteWebDriver.java:367)
	at org.openqa.selenium.remote.RemoteWebDriver.findElement(RemoteWebDriver.java:359)
	at org.openqa.selenium.support.pagefactory.DefaultElementLocator.findElement(DefaultElementLocator.java:70)
	at org.openqa.selenium.support.pagefactory.internal.LocatingElementHandler.invoke(LocatingElementHandler.java:39)
	at jdk.proxy2/jdk.proxy2.$Proxy17.isDisplayed(Unknown Source)
	at com.amazon.POM.ShippingPOM.FreeShipping(ShippingPOM.java:92)
	at com.amazon.testcases.ShippingTestCases.SelectItem(ShippingTestCases.java:44)
	at java.base/java.util.ArrayList.forEach(ArrayList.java:1511)
... Removed 32 stack frames
</div> <!-- stack-trace -->
                </div> <!-- method-content -->
              </div> <!-- method -->
            </div> <!-- main-panel-content rounded-window-bottom -->
          </div> <!-- suite-Suite-class-failed -->
          <div class="suite-Suite-class-failed">
            <div class="main-panel-header rounded-window-top">
              <img src="failed.png"/>
              <span class="class-name">com.amazon.testcases.YourPayementTestCases</span>
            </div> <!-- main-panel-header rounded-window-top -->
            <div class="main-panel-content rounded-window-bottom">
              <div class="method">
                <div class="method-content">
                  <a name="AddCardDetails">
                  </a> <!-- AddCardDetails -->
                  <span class="method-name">AddCardDetails</span>
                  <div class="stack-trace">org.openqa.selenium.NoSuchElementException: no such element: Unable to locate element: {&quot;method&quot;:&quot;xpath&quot;,&quot;selector&quot;:&quot;//input[@type=&apos;tel&apos;and@class=&apos;a-input-text a-form-normal pmts-account-Number&apos;and@name=&apos;addCreditCardNumber&apos;]&quot;}
  (Session info: chrome=102.0.5005.115)
For documentation on this error, please visit: https://selenium.dev/exceptions/#no_such_element
Build info: version: &apos;4.1.1&apos;, revision: &apos;e8fcc2cecf&apos;
System info: host: &apos;SUNNY&apos;, ip: &apos;192.168.8.15&apos;, os.name: &apos;Windows 10&apos;, os.arch: &apos;amd64&apos;, os.version: &apos;10.0&apos;, java.version: &apos;17.0.2&apos;
Driver info: org.openqa.selenium.chrome.ChromeDriver
Command: [7952daee5948d38e41d4baf2d7e55c36, findElement {using=xpath, value=//input[@type=&apos;tel&apos;and@class=&apos;a-input-text a-form-normal pmts-account-Number&apos;and@name=&apos;addCreditCardNumber&apos;]}]
Capabilities {acceptInsecureCerts: false, browserName: chrome, browserVersion: 102.0.5005.115, chrome: {chromedriverVersion: 101.0.4951.41 (93c720db8323..., userDataDir: C:\Users\sunny\AppData\Loca...}, goog:chromeOptions: {debuggerAddress: localhost:65269}, javascriptEnabled: true, networkConnectionEnabled: false, pageLoadStrategy: normal, platform: WINDOWS, platformName: WINDOWS, proxy: Proxy(), se:cdp: ws://localhost:65269/devtoo..., se:cdpVersion: 102.0.5005.115, setWindowRect: true, strictFileInteractability: false, timeouts: {implicit: 0, pageLoad: 300000, script: 30000}, unhandledPromptBehavior: dismiss and notify, webauthn:extension:credBlob: true, webauthn:extension:largeBlob: true, webauthn:virtualAuthenticators: true}
Session ID: 7952daee5948d38e41d4baf2d7e55c36
	at org.openqa.selenium.remote.codec.w3c.W3CHttpResponseCodec.createException(W3CHttpResponseCodec.java:200)
	at org.openqa.selenium.remote.codec.w3c.W3CHttpResponseCodec.decode(W3CHttpResponseCodec.java:133)
	at org.openqa.selenium.remote.codec.w3c.W3CHttpResponseCodec.decode(W3CHttpResponseCodec.java:53)
	at org.openqa.selenium.remote.HttpCommandExecutor.execute(HttpCommandExecutor.java:184)
	at org.openqa.selenium.remote.service.DriverCommandExecutor.invokeExecute(DriverCommandExecutor.java:167)
	at org.openqa.selenium.remote.service.DriverCommandExecutor.execute(DriverCommandExecutor.java:142)
	at org.openqa.selenium.remote.RemoteWebDriver.execute(RemoteWebDriver.java:543)
	at org.openqa.selenium.remote.ElementLocation$ElementFinder$2.findElement(ElementLocation.java:162)
	at org.openqa.selenium.remote.ElementLocation.findElement(ElementLocation.java:60)
	at org.openqa.selenium.remote.RemoteWebDriver.findElement(RemoteWebDriver.java:367)
	at org.openqa.selenium.remote.RemoteWebDriver.findElement(RemoteWebDriver.java:359)
	at org.openqa.selenium.support.pagefactory.DefaultElementLocator.findElement(DefaultElementLocator.java:70)
	at org.openqa.selenium.support.pagefactory.internal.LocatingElementHandler.invoke(LocatingElementHandler.java:39)
	at jdk.proxy2/jdk.proxy2.$Proxy17.click(Unknown Source)
	at com.amazon.POM.YourPaymentPOM.EnterCardNUmber(YourPaymentPOM.java:82)
	at com.amazon.testcases.YourPayementTestCases.AddCardDetails(YourPayementTestCases.java:45)
	at java.base/java.util.ArrayList.forEach(ArrayList.java:1511)
... Removed 32 stack frames
</div> <!-- stack-trace -->
                </div> <!-- method-content -->
              </div> <!-- method -->
            </div> <!-- main-panel-content rounded-window-bottom -->
          </div> <!-- suite-Suite-class-failed -->
          <div class="suite-Suite-class-failed">
            <div class="main-panel-header rounded-window-top">
              <img src="failed.png"/>
              <span class="class-name">com.amazon.testcases.SignInTestCases</span>
            </div> <!-- main-panel-header rounded-window-top -->
            <div class="main-panel-content rounded-window-bottom">
              <div class="method">
                <div class="method-content">
                  <a name="ExistingCustomer(Emp_Email, , Mi4i9074)">
                  </a> <!-- ExistingCustomer(Emp_Email, , Mi4i9074) -->
                  <span class="method-name">ExistingCustomer</span>
                  <span class="parameters">(Emp_Email, , Mi4i9074)</span>
                  <div class="stack-trace">org.openqa.selenium.NoSuchElementException: no such element: Unable to locate element: {&quot;method&quot;:&quot;xpath&quot;,&quot;selector&quot;:&quot;//a[@id=&apos;nav-link-accountList&apos;]&quot;}
  (Session info: chrome=102.0.5005.115)
For documentation on this error, please visit: https://selenium.dev/exceptions/#no_such_element
Build info: version: &apos;4.1.1&apos;, revision: &apos;e8fcc2cecf&apos;
System info: host: &apos;SUNNY&apos;, ip: &apos;192.168.8.15&apos;, os.name: &apos;Windows 10&apos;, os.arch: &apos;amd64&apos;, os.version: &apos;10.0&apos;, java.version: &apos;17.0.2&apos;
Driver info: org.openqa.selenium.chrome.ChromeDriver
Command: [3bc5322755f05bdbbe91b73c3f36de43, findElement {using=xpath, value=//a[@id=&apos;nav-link-accountList&apos;]}]
Capabilities {acceptInsecureCerts: false, browserName: chrome, browserVersion: 102.0.5005.115, chrome: {chromedriverVersion: 101.0.4951.41 (93c720db8323..., userDataDir: C:\Users\sunny\AppData\Loca...}, goog:chromeOptions: {debuggerAddress: localhost:49374}, javascriptEnabled: true, networkConnectionEnabled: false, pageLoadStrategy: normal, platform: WINDOWS, platformName: WINDOWS, proxy: Proxy(), se:cdp: ws://localhost:49374/devtoo..., se:cdpVersion: 102.0.5005.115, setWindowRect: true, strictFileInteractability: false, timeouts: {implicit: 0, pageLoad: 300000, script: 30000}, unhandledPromptBehavior: dismiss and notify, webauthn:extension:credBlob: true, webauthn:extension:largeBlob: true, webauthn:virtualAuthenticators: true}
Session ID: 3bc5322755f05bdbbe91b73c3f36de43
	at org.openqa.selenium.remote.codec.w3c.W3CHttpResponseCodec.createException(W3CHttpResponseCodec.java:200)
	at org.openqa.selenium.remote.codec.w3c.W3CHttpResponseCodec.decode(W3CHttpResponseCodec.java:133)
	at org.openqa.selenium.remote.codec.w3c.W3CHttpResponseCodec.decode(W3CHttpResponseCodec.java:53)
	at org.openqa.selenium.remote.HttpCommandExecutor.execute(HttpCommandExecutor.java:184)
	at org.openqa.selenium.remote.service.DriverCommandExecutor.invokeExecute(DriverCommandExecutor.java:167)
	at org.openqa.selenium.remote.service.DriverCommandExecutor.execute(DriverCommandExecutor.java:142)
	at org.openqa.selenium.remote.RemoteWebDriver.execute(RemoteWebDriver.java:543)
	at org.openqa.selenium.remote.ElementLocation$ElementFinder$2.findElement(ElementLocation.java:162)
	at org.openqa.selenium.remote.ElementLocation.findElement(ElementLocation.java:60)
	at org.openqa.selenium.remote.RemoteWebDriver.findElement(RemoteWebDriver.java:367)
	at org.openqa.selenium.remote.RemoteWebDriver.findElement(RemoteWebDriver.java:359)
	at com.amazon.POM.SignInPOM.mousehover(SignInPOM.java:35)
	at com.amazon.testcases.SignInTestCases.ExistingCustomer(SignInTestCases.java:44)
	at java.base/java.util.ArrayList.forEach(ArrayList.java:1511)
... Removed 32 stack frames
</div> <!-- stack-trace -->
                </div> <!-- method-content -->
              </div> <!-- method -->
              <div class="method">
                <div class="method-content">
                  <a name="ExistingCustomer(Wrng_Password, thisisvirdi@gmail.com, sunny)">
                  </a> <!-- ExistingCustomer(Wrng_Password, thisisvirdi@gmail.com, sunny) -->
                  <span class="method-name">ExistingCustomer</span>
                  <span class="parameters">(Wrng_Password, thisisvirdi@gmail.com, sunny)</span>
                  <div class="stack-trace">org.openqa.selenium.NoSuchElementException: no such element: Unable to locate element: {&quot;method&quot;:&quot;xpath&quot;,&quot;selector&quot;:&quot;//a[@id=&apos;nav-link-accountList&apos;]&quot;}
  (Session info: chrome=102.0.5005.115)
For documentation on this error, please visit: https://selenium.dev/exceptions/#no_such_element
Build info: version: &apos;4.1.1&apos;, revision: &apos;e8fcc2cecf&apos;
System info: host: &apos;SUNNY&apos;, ip: &apos;192.168.8.15&apos;, os.name: &apos;Windows 10&apos;, os.arch: &apos;amd64&apos;, os.version: &apos;10.0&apos;, java.version: &apos;17.0.2&apos;
Driver info: org.openqa.selenium.chrome.ChromeDriver
Command: [09ae152d9fe8fc96b63bd5444a99516d, findElement {using=xpath, value=//a[@id=&apos;nav-link-accountList&apos;]}]
Capabilities {acceptInsecureCerts: false, browserName: chrome, browserVersion: 102.0.5005.115, chrome: {chromedriverVersion: 101.0.4951.41 (93c720db8323..., userDataDir: C:\Users\sunny\AppData\Loca...}, goog:chromeOptions: {debuggerAddress: localhost:49896}, javascriptEnabled: true, networkConnectionEnabled: false, pageLoadStrategy: normal, platform: WINDOWS, platformName: WINDOWS, proxy: Proxy(), se:cdp: ws://localhost:49896/devtoo..., se:cdpVersion: 102.0.5005.115, setWindowRect: true, strictFileInteractability: false, timeouts: {implicit: 0, pageLoad: 300000, script: 30000}, unhandledPromptBehavior: dismiss and notify, webauthn:extension:credBlob: true, webauthn:extension:largeBlob: true, webauthn:virtualAuthenticators: true}
Session ID: 09ae152d9fe8fc96b63bd5444a99516d
	at org.openqa.selenium.remote.codec.w3c.W3CHttpResponseCodec.createException(W3CHttpResponseCodec.java:200)
	at org.openqa.selenium.remote.codec.w3c.W3CHttpResponseCodec.decode(W3CHttpResponseCodec.java:133)
	at org.openqa.selenium.remote.codec.w3c.W3CHttpResponseCodec.decode(W3CHttpResponseCodec.java:53)
	at org.openqa.selenium.remote.HttpCommandExecutor.execute(HttpCommandExecutor.java:184)
	at org.openqa.selenium.remote.service.DriverCommandExecutor.invokeExecute(DriverCommandExecutor.java:167)
	at org.openqa.selenium.remote.service.DriverCommandExecutor.execute(DriverCommandExecutor.java:142)
	at org.openqa.selenium.remote.RemoteWebDriver.execute(RemoteWebDriver.java:543)
	at org.openqa.selenium.remote.ElementLocation$ElementFinder$2.findElement(ElementLocation.java:162)
	at org.openqa.selenium.remote.ElementLocation.findElement(ElementLocation.java:60)
	at org.openqa.selenium.remote.RemoteWebDriver.findElement(RemoteWebDriver.java:367)
	at org.openqa.selenium.remote.RemoteWebDriver.findElement(RemoteWebDriver.java:359)
	at com.amazon.POM.SignInPOM.mousehover(SignInPOM.java:35)
	at com.amazon.testcases.SignInTestCases.ExistingCustomer(SignInTestCases.java:44)
	at java.base/java.util.ArrayList.forEach(ArrayList.java:1511)
... Removed 32 stack frames
</div> <!-- stack-trace -->
                </div> <!-- method-content -->
              </div> <!-- method -->
              <div class="method">
                <div class="method-content">
                  <a name="ExistingCustomer(Partial_PhnNo, 437-992, )">
                  </a> <!-- ExistingCustomer(Partial_PhnNo, 437-992, ) -->
                  <span class="method-name">ExistingCustomer</span>
                  <span class="parameters">(Partial_PhnNo, 437-992, )</span>
                  <div class="stack-trace">org.openqa.selenium.NoSuchElementException: no such element: Unable to locate element: {&quot;method&quot;:&quot;xpath&quot;,&quot;selector&quot;:&quot;//a[@id=&apos;nav-link-accountList&apos;]&quot;}
  (Session info: chrome=102.0.5005.115)
For documentation on this error, please visit: https://selenium.dev/exceptions/#no_such_element
Build info: version: &apos;4.1.1&apos;, revision: &apos;e8fcc2cecf&apos;
System info: host: &apos;SUNNY&apos;, ip: &apos;192.168.8.15&apos;, os.name: &apos;Windows 10&apos;, os.arch: &apos;amd64&apos;, os.version: &apos;10.0&apos;, java.version: &apos;17.0.2&apos;
Driver info: org.openqa.selenium.chrome.ChromeDriver
Command: [cfe0fd842776e31df195658331004d35, findElement {using=xpath, value=//a[@id=&apos;nav-link-accountList&apos;]}]
Capabilities {acceptInsecureCerts: false, browserName: chrome, browserVersion: 102.0.5005.115, chrome: {chromedriverVersion: 101.0.4951.41 (93c720db8323..., userDataDir: C:\Users\sunny\AppData\Loca...}, goog:chromeOptions: {debuggerAddress: localhost:49760}, javascriptEnabled: true, networkConnectionEnabled: false, pageLoadStrategy: normal, platform: WINDOWS, platformName: WINDOWS, proxy: Proxy(), se:cdp: ws://localhost:49760/devtoo..., se:cdpVersion: 102.0.5005.115, setWindowRect: true, strictFileInteractability: false, timeouts: {implicit: 0, pageLoad: 300000, script: 30000}, unhandledPromptBehavior: dismiss and notify, webauthn:extension:credBlob: true, webauthn:extension:largeBlob: true, webauthn:virtualAuthenticators: true}
Session ID: cfe0fd842776e31df195658331004d35
	at org.openqa.selenium.remote.codec.w3c.W3CHttpResponseCodec.createException(W3CHttpResponseCodec.java:200)
	at org.openqa.selenium.remote.codec.w3c.W3CHttpResponseCodec.decode(W3CHttpResponseCodec.java:133)
	at org.openqa.selenium.remote.codec.w3c.W3CHttpResponseCodec.decode(W3CHttpResponseCodec.java:53)
	at org.openqa.selenium.remote.HttpCommandExecutor.execute(HttpCommandExecutor.java:184)
	at org.openqa.selenium.remote.service.DriverCommandExecutor.invokeExecute(DriverCommandExecutor.java:167)
	at org.openqa.selenium.remote.service.DriverCommandExecutor.execute(DriverCommandExecutor.java:142)
	at org.openqa.selenium.remote.RemoteWebDriver.execute(RemoteWebDriver.java:543)
	at org.openqa.selenium.remote.ElementLocation$ElementFinder$2.findElement(ElementLocation.java:162)
	at org.openqa.selenium.remote.ElementLocation.findElement(ElementLocation.java:60)
	at org.openqa.selenium.remote.RemoteWebDriver.findElement(RemoteWebDriver.java:367)
	at org.openqa.selenium.remote.RemoteWebDriver.findElement(RemoteWebDriver.java:359)
	at com.amazon.POM.SignInPOM.mousehover(SignInPOM.java:35)
	at com.amazon.testcases.SignInTestCases.ExistingCustomer(SignInTestCases.java:44)
	at java.base/java.util.ArrayList.forEach(ArrayList.java:1511)
... Removed 32 stack frames
</div> <!-- stack-trace -->
                </div> <!-- method-content -->
              </div> <!-- method -->
            </div> <!-- main-panel-content rounded-window-bottom -->
          </div> <!-- suite-Suite-class-failed -->
          <div class="suite-Suite-class-failed">
            <div class="main-panel-header rounded-window-top">
              <img src="failed.png"/>
              <span class="class-name">com.amazon.testcases.YourAddressTestCases</span>
            </div> <!-- main-panel-header rounded-window-top -->
            <div class="main-panel-content rounded-window-bottom">
              <div class="method">
                <div class="method-content">
                  <a name="Address(Valid, Sunny Virdi, 437-992-4557, 2152 lawrence Avenue East, Scarborough, M1R 0B5, 3063.0)">
                  </a> <!-- Address(Valid, Sunny Virdi, 437-992-4557, 2152 lawrence Avenue East, Scarborough, M1R 0B5, 3063.0) -->
                  <span class="method-name">Address</span>
                  <span class="parameters">(Valid, Sunny Virdi, 437-992-4557, 2152 lawrence Avenue East, Scarborough, M1R 0B5, 3063.0)</span>
                  <div class="stack-trace">org.openqa.selenium.NoSuchElementException: no such element: Unable to locate element: {&quot;method&quot;:&quot;xpath&quot;,&quot;selector&quot;:&quot;//input[@id=&apos;address-ui-widgets-original-address-block_id-input&apos;]&quot;}
  (Session info: chrome=102.0.5005.115)
For documentation on this error, please visit: https://selenium.dev/exceptions/#no_such_element
Build info: version: &apos;4.1.1&apos;, revision: &apos;e8fcc2cecf&apos;
System info: host: &apos;SUNNY&apos;, ip: &apos;192.168.8.15&apos;, os.name: &apos;Windows 10&apos;, os.arch: &apos;amd64&apos;, os.version: &apos;10.0&apos;, java.version: &apos;17.0.2&apos;
Driver info: org.openqa.selenium.chrome.ChromeDriver
Command: [706959e3dd5df284d3e20ead1a507003, findElement {using=xpath, value=//input[@id=&apos;address-ui-widgets-original-address-block_id-input&apos;]}]
Capabilities {acceptInsecureCerts: false, browserName: chrome, browserVersion: 102.0.5005.115, chrome: {chromedriverVersion: 101.0.4951.41 (93c720db8323..., userDataDir: C:\Users\sunny\AppData\Loca...}, goog:chromeOptions: {debuggerAddress: localhost:64331}, javascriptEnabled: true, networkConnectionEnabled: false, pageLoadStrategy: normal, platform: WINDOWS, platformName: WINDOWS, proxy: Proxy(), se:cdp: ws://localhost:64331/devtoo..., se:cdpVersion: 102.0.5005.115, setWindowRect: true, strictFileInteractability: false, timeouts: {implicit: 0, pageLoad: 300000, script: 30000}, unhandledPromptBehavior: dismiss and notify, webauthn:extension:credBlob: true, webauthn:extension:largeBlob: true, webauthn:virtualAuthenticators: true}
Session ID: 706959e3dd5df284d3e20ead1a507003
	at org.openqa.selenium.remote.codec.w3c.W3CHttpResponseCodec.createException(W3CHttpResponseCodec.java:200)
	at org.openqa.selenium.remote.codec.w3c.W3CHttpResponseCodec.decode(W3CHttpResponseCodec.java:133)
	at org.openqa.selenium.remote.codec.w3c.W3CHttpResponseCodec.decode(W3CHttpResponseCodec.java:53)
	at org.openqa.selenium.remote.HttpCommandExecutor.execute(HttpCommandExecutor.java:184)
	at org.openqa.selenium.remote.service.DriverCommandExecutor.invokeExecute(DriverCommandExecutor.java:167)
	at org.openqa.selenium.remote.service.DriverCommandExecutor.execute(DriverCommandExecutor.java:142)
	at org.openqa.selenium.remote.RemoteWebDriver.execute(RemoteWebDriver.java:543)
	at org.openqa.selenium.remote.ElementLocation$ElementFinder$2.findElement(ElementLocation.java:162)
	at org.openqa.selenium.remote.ElementLocation.findElement(ElementLocation.java:60)
	at org.openqa.selenium.remote.RemoteWebDriver.findElement(RemoteWebDriver.java:367)
	at org.openqa.selenium.remote.RemoteWebDriver.findElement(RemoteWebDriver.java:359)
	at org.openqa.selenium.support.pagefactory.DefaultElementLocator.findElement(DefaultElementLocator.java:70)
	at org.openqa.selenium.support.pagefactory.internal.LocatingElementHandler.invoke(LocatingElementHandler.java:39)
	at jdk.proxy2/jdk.proxy2.$Proxy17.click(Unknown Source)
	at com.amazon.POM.YourAddress.AddressSaved(YourAddress.java:161)
	at com.amazon.testcases.YourAddressTestCases.Address(YourAddressTestCases.java:97)
	at java.base/java.util.ArrayList.forEach(ArrayList.java:1511)
... Removed 32 stack frames
</div> <!-- stack-trace -->
                </div> <!-- method-content -->
              </div> <!-- method -->
              <div class="method">
                <div class="method-content">
                  <a name="Address(Emp_Name, , 437-992-4557, 2152 lawrence Avenue East, Scarborough, M1R 0B5, 3063.0)">
                  </a> <!-- Address(Emp_Name, , 437-992-4557, 2152 lawrence Avenue East, Scarborough, M1R 0B5, 3063.0) -->
                  <span class="method-name">Address</span>
                  <span class="parameters">(Emp_Name, , 437-992-4557, 2152 lawrence Avenue East, Scarborough, M1R 0B5, 3063.0)</span>
                  <div class="stack-trace">java.lang.AssertionError: expected [Canada] but found [1]
	at com.amazon.testcases.YourAddressTestCases.Address(YourAddressTestCases.java:58)
	at java.base/java.util.ArrayList.forEach(ArrayList.java:1511)
... Removed 33 stack frames
</div> <!-- stack-trace -->
                </div> <!-- method-content -->
              </div> <!-- method -->
            </div> <!-- main-panel-content rounded-window-bottom -->
          </div> <!-- suite-Suite-class-failed -->
          <div class="suite-Suite-class-failed">
            <div class="main-panel-header rounded-window-top">
              <img src="failed.png"/>
              <span class="class-name">com.amazon.testcases.SearchTestCases</span>
            </div> <!-- main-panel-header rounded-window-top -->
            <div class="main-panel-content rounded-window-bottom">
              <div class="method">
                <div class="method-content">
                  <a name="seachItem">
                  </a> <!-- seachItem -->
                  <span class="method-name">seachItem</span>
                  <div class="stack-trace">java.lang.AssertionError: expected [60] but found [48]
	at com.amazon.POM.SearchPOM.TotalItems(SearchPOM.java:106)
	at com.amazon.testcases.SearchTestCases.seachItem(SearchTestCases.java:61)
	at java.base/java.util.ArrayList.forEach(ArrayList.java:1511)
... Removed 33 stack frames
</div> <!-- stack-trace -->
                </div> <!-- method-content -->
              </div> <!-- method -->
            </div> <!-- main-panel-content rounded-window-bottom -->
          </div> <!-- suite-Suite-class-failed -->
          <div class="suite-Suite-class-failed">
            <div class="main-panel-header rounded-window-top">
              <img src="failed.png"/>
              <span class="class-name">com.amazon.testcases.GuestAccountTestCases</span>
            </div> <!-- main-panel-header rounded-window-top -->
            <div class="main-panel-content rounded-window-bottom">
              <div class="method">
                <div class="method-content">
                  <a name="GuestAccount">
                  </a> <!-- GuestAccount -->
                  <span class="method-name">GuestAccount</span>
                  <div class="stack-trace">org.openqa.selenium.NoSuchElementException: Unable to find element with locator By.xpath: //input[@id=&apos;twotabsearchtextbox&apos;]
For documentation on this error, please visit: https://selenium.dev/exceptions/#no_such_element
Build info: version: &apos;4.1.1&apos;, revision: &apos;e8fcc2cecf&apos;
System info: host: &apos;SUNNY&apos;, ip: &apos;192.168.8.15&apos;, os.name: &apos;Windows 10&apos;, os.arch: &apos;amd64&apos;, os.version: &apos;10.0&apos;, java.version: &apos;17.0.2&apos;
Driver info: driver.version: RemoteWebDriver
	at org.openqa.selenium.remote.ElementLocation$ElementFinder$2.findElement(ElementLocation.java:165)
	at org.openqa.selenium.remote.ElementLocation.findElement(ElementLocation.java:60)
	at org.openqa.selenium.remote.RemoteWebDriver.findElement(RemoteWebDriver.java:367)
	at org.openqa.selenium.remote.RemoteWebDriver.findElement(RemoteWebDriver.java:359)
	at org.openqa.selenium.support.pagefactory.DefaultElementLocator.findElement(DefaultElementLocator.java:70)
	at org.openqa.selenium.support.pagefactory.internal.LocatingElementHandler.invoke(LocatingElementHandler.java:39)
	at jdk.proxy2/jdk.proxy2.$Proxy17.click(Unknown Source)
	at com.amazon.POM.GuestAccountPOM.SearchField(GuestAccountPOM.java:30)
	at com.amazon.testcases.GuestAccountTestCases.GuestAccount(GuestAccountTestCases.java:26)
	at java.base/java.util.ArrayList.forEach(ArrayList.java:1511)
... Removed 27 stack frames
</div> <!-- stack-trace -->
                </div> <!-- method-content -->
              </div> <!-- method -->
            </div> <!-- main-panel-content rounded-window-bottom -->
          </div> <!-- suite-Suite-class-failed -->
          <div class="suite-Suite-class-failed">
            <div class="main-panel-header rounded-window-top">
              <img src="failed.png"/>
              <span class="class-name">com.amazon.testcases.ShoppingTestCases</span>
            </div> <!-- main-panel-header rounded-window-top -->
            <div class="main-panel-content rounded-window-bottom">
              <div class="method">
                <div class="method-content">
                  <a name="Cart">
                  </a> <!-- Cart -->
                  <span class="method-name">Cart</span>
                  <div class="stack-trace">java.lang.AssertionError: expected [true] but found [false]
	at com.amazon.POM.ShoppingPOM.VerifyCart(ShoppingPOM.java:122)
	at com.amazon.testcases.ShoppingTestCases.Cart(ShoppingTestCases.java:55)
	at java.base/java.util.ArrayList.forEach(ArrayList.java:1511)
... Removed 31 stack frames
</div> <!-- stack-trace -->
                </div> <!-- method-content -->
              </div> <!-- method -->
            </div> <!-- main-panel-content rounded-window-bottom -->
          </div> <!-- suite-Suite-class-failed -->
          <div class="suite-Suite-class-skipped">
            <div class="main-panel-header rounded-window-top">
              <img src="skipped.png"/>
              <span class="class-name">com.amazon.testcases.SearchTestCases</span>
            </div> <!-- main-panel-header rounded-window-top -->
            <div class="main-panel-content rounded-window-bottom">
              <div class="method">
                <div class="method-content">
                  <a name="partialitem">
                  </a> <!-- partialitem -->
                  <span class="method-name">partialitem</span>
                  <div class="stack-trace">org.openqa.selenium.NoSuchElementException: no such element: Unable to locate element: {&quot;method&quot;:&quot;xpath&quot;,&quot;selector&quot;:&quot;//a[@id=&apos;nav-link-accountList&apos;]&quot;}
  (Session info: chrome=102.0.5005.115)
For documentation on this error, please visit: https://selenium.dev/exceptions/#no_such_element
Build info: version: &apos;4.1.1&apos;, revision: &apos;e8fcc2cecf&apos;
System info: host: &apos;SUNNY&apos;, ip: &apos;192.168.8.15&apos;, os.name: &apos;Windows 10&apos;, os.arch: &apos;amd64&apos;, os.version: &apos;10.0&apos;, java.version: &apos;17.0.2&apos;
Driver info: org.openqa.selenium.chrome.ChromeDriver
Command: [d59e35ebeafb68afb24741fd4a13b925, findElement {using=xpath, value=//a[@id=&apos;nav-link-accountList&apos;]}]
Capabilities {acceptInsecureCerts: false, browserName: chrome, browserVersion: 102.0.5005.115, chrome: {chromedriverVersion: 101.0.4951.41 (93c720db8323..., userDataDir: C:\Users\sunny\AppData\Loca...}, goog:chromeOptions: {debuggerAddress: localhost:65100}, javascriptEnabled: true, networkConnectionEnabled: false, pageLoadStrategy: normal, platform: WINDOWS, platformName: WINDOWS, proxy: Proxy(), se:cdp: ws://localhost:65100/devtoo..., se:cdpVersion: 102.0.5005.115, setWindowRect: true, strictFileInteractability: false, timeouts: {implicit: 0, pageLoad: 300000, script: 30000}, unhandledPromptBehavior: dismiss and notify, webauthn:extension:credBlob: true, webauthn:extension:largeBlob: true, webauthn:virtualAuthenticators: true}
Session ID: d59e35ebeafb68afb24741fd4a13b925
	at org.openqa.selenium.remote.codec.w3c.W3CHttpResponseCodec.createException(W3CHttpResponseCodec.java:200)
	at org.openqa.selenium.remote.codec.w3c.W3CHttpResponseCodec.decode(W3CHttpResponseCodec.java:133)
	at org.openqa.selenium.remote.codec.w3c.W3CHttpResponseCodec.decode(W3CHttpResponseCodec.java:53)
	at org.openqa.selenium.remote.HttpCommandExecutor.execute(HttpCommandExecutor.java:184)
	at org.openqa.selenium.remote.service.DriverCommandExecutor.invokeExecute(DriverCommandExecutor.java:167)
	at org.openqa.selenium.remote.service.DriverCommandExecutor.execute(DriverCommandExecutor.java:142)
	at org.openqa.selenium.remote.RemoteWebDriver.execute(RemoteWebDriver.java:543)
	at org.openqa.selenium.remote.ElementLocation$ElementFinder$2.findElement(ElementLocation.java:162)
	at org.openqa.selenium.remote.ElementLocation.findElement(ElementLocation.java:60)
	at org.openqa.selenium.remote.RemoteWebDriver.findElement(RemoteWebDriver.java:367)
	at org.openqa.selenium.remote.RemoteWebDriver.findElement(RemoteWebDriver.java:359)
	at com.amazon.POM.SearchPOM.mousehover(SearchPOM.java:44)
	at com.amazon.testcases.SearchTestCases.search(SearchTestCases.java:23)
	at java.base/java.util.ArrayList.forEach(ArrayList.java:1511)
... Removed 36 stack frames
</div> <!-- stack-trace -->
                </div> <!-- method-content -->
              </div> <!-- method -->
            </div> <!-- main-panel-content rounded-window-bottom -->
          </div> <!-- suite-Suite-class-skipped -->
          <div class="suite-Suite-class-skipped">
            <div class="main-panel-header rounded-window-top">
              <img src="skipped.png"/>
              <span class="class-name">com.amazon.testcases.YourOrdersTestCases</span>
            </div> <!-- main-panel-header rounded-window-top -->
            <div class="main-panel-content rounded-window-bottom">
              <div class="method">
                <div class="method-content">
                  <a name="OtherOptions">
                  </a> <!-- OtherOptions -->
                  <span class="method-name">OtherOptions</span>
                  <div class="stack-trace">java.lang.AssertionError: expected [Your Orders] but found []
	at com.amazon.POM.YourOrdersPOM.yourordersMH(YourOrdersPOM.java:60)
	at com.amazon.testcases.YourOrdersTestCases.Login(YourOrdersTestCases.java:26)
	at java.base/java.util.ArrayList.forEach(ArrayList.java:1511)
... Removed 37 stack frames
</div> <!-- stack-trace -->
                </div> <!-- method-content -->
              </div> <!-- method -->
            </div> <!-- main-panel-content rounded-window-bottom -->
          </div> <!-- suite-Suite-class-skipped -->
          <div class="suite-Suite-class-skipped">
            <div class="main-panel-header rounded-window-top">
              <img src="skipped.png"/>
              <span class="class-name">com.amazon.testcases.CreateAccountTestCases</span>
            </div> <!-- main-panel-header rounded-window-top -->
            <div class="main-panel-content rounded-window-bottom">
              <div class="method">
                <div class="method-content">
                  <a name="name(Ver_Auth, sunny virdi, sunnyvirdi0229@gmail.com, sunny123, sunny123)">
                  </a> <!-- name(Ver_Auth, sunny virdi, sunnyvirdi0229@gmail.com, sunny123, sunny123) -->
                  <span class="method-name">name</span>
                  <span class="parameters">(Ver_Auth, sunny virdi, sunnyvirdi0229@gmail.com, sunny123, sunny123)</span>
                  <div class="stack-trace">org.openqa.selenium.TimeoutException: timeout: Timed out receiving message from renderer: 19.722
  (Session info: chrome=102.0.5005.115)
Build info: version: &apos;4.1.1&apos;, revision: &apos;e8fcc2cecf&apos;
System info: host: &apos;SUNNY&apos;, ip: &apos;192.168.8.15&apos;, os.name: &apos;Windows 10&apos;, os.arch: &apos;amd64&apos;, os.version: &apos;10.0&apos;, java.version: &apos;17.0.2&apos;
Driver info: org.openqa.selenium.chrome.ChromeDriver
Command: [641cbbb1753ad769fc10da20ee4add4e, get {url=https://www.amazon.ca/}]
Capabilities {acceptInsecureCerts: false, browserName: chrome, browserVersion: 102.0.5005.115, chrome: {chromedriverVersion: 101.0.4951.41 (93c720db8323..., userDataDir: C:\Users\sunny\AppData\Loca...}, goog:chromeOptions: {debuggerAddress: localhost:63674}, javascriptEnabled: true, networkConnectionEnabled: false, pageLoadStrategy: normal, platform: WINDOWS, platformName: WINDOWS, proxy: Proxy(), se:cdp: ws://localhost:63674/devtoo..., se:cdpVersion: 102.0.5005.115, setWindowRect: true, strictFileInteractability: false, timeouts: {implicit: 0, pageLoad: 300000, script: 30000}, unhandledPromptBehavior: dismiss and notify, webauthn:extension:credBlob: true, webauthn:extension:largeBlob: true, webauthn:virtualAuthenticators: true}
Session ID: 641cbbb1753ad769fc10da20ee4add4e
	at org.openqa.selenium.remote.codec.w3c.W3CHttpResponseCodec.createException(W3CHttpResponseCodec.java:200)
	at org.openqa.selenium.remote.codec.w3c.W3CHttpResponseCodec.decode(W3CHttpResponseCodec.java:133)
	at org.openqa.selenium.remote.codec.w3c.W3CHttpResponseCodec.decode(W3CHttpResponseCodec.java:53)
	at org.openqa.selenium.remote.HttpCommandExecutor.execute(HttpCommandExecutor.java:184)
	at org.openqa.selenium.remote.service.DriverCommandExecutor.invokeExecute(DriverCommandExecutor.java:167)
	at org.openqa.selenium.remote.service.DriverCommandExecutor.execute(DriverCommandExecutor.java:142)
	at org.openqa.selenium.remote.RemoteWebDriver.execute(RemoteWebDriver.java:543)
	at org.openqa.selenium.remote.RemoteWebDriver.get(RemoteWebDriver.java:312)
	at com.amazon.base.BaseClass.initialization(BaseClass.java:58)
	at com.amazon.testcases.CreateAccountTestCases.setup(CreateAccountTestCases.java:27)
	at java.base/java.util.ArrayList.forEach(ArrayList.java:1511)
... Removed 36 stack frames
</div> <!-- stack-trace -->
                </div> <!-- method-content -->
              </div> <!-- method -->
              <div class="method">
                <div class="method-content">
                  <a name="name(Par_email, sunny virdi, thisisvirdi@, sunny123, sunny123)">
                  </a> <!-- name(Par_email, sunny virdi, thisisvirdi@, sunny123, sunny123) -->
                  <span class="method-name">name</span>
                  <span class="parameters">(Par_email, sunny virdi, thisisvirdi@, sunny123, sunny123)</span>
                  <div class="stack-trace">org.openqa.selenium.TimeoutException: timeout: Timed out receiving message from renderer: 19.722
  (Session info: chrome=102.0.5005.115)
Build info: version: &apos;4.1.1&apos;, revision: &apos;e8fcc2cecf&apos;
System info: host: &apos;SUNNY&apos;, ip: &apos;192.168.8.15&apos;, os.name: &apos;Windows 10&apos;, os.arch: &apos;amd64&apos;, os.version: &apos;10.0&apos;, java.version: &apos;17.0.2&apos;
Driver info: org.openqa.selenium.chrome.ChromeDriver
Command: [641cbbb1753ad769fc10da20ee4add4e, get {url=https://www.amazon.ca/}]
Capabilities {acceptInsecureCerts: false, browserName: chrome, browserVersion: 102.0.5005.115, chrome: {chromedriverVersion: 101.0.4951.41 (93c720db8323..., userDataDir: C:\Users\sunny\AppData\Loca...}, goog:chromeOptions: {debuggerAddress: localhost:63674}, javascriptEnabled: true, networkConnectionEnabled: false, pageLoadStrategy: normal, platform: WINDOWS, platformName: WINDOWS, proxy: Proxy(), se:cdp: ws://localhost:63674/devtoo..., se:cdpVersion: 102.0.5005.115, setWindowRect: true, strictFileInteractability: false, timeouts: {implicit: 0, pageLoad: 300000, script: 30000}, unhandledPromptBehavior: dismiss and notify, webauthn:extension:credBlob: true, webauthn:extension:largeBlob: true, webauthn:virtualAuthenticators: true}
Session ID: 641cbbb1753ad769fc10da20ee4add4e
	at org.openqa.selenium.remote.codec.w3c.W3CHttpResponseCodec.createException(W3CHttpResponseCodec.java:200)
	at org.openqa.selenium.remote.codec.w3c.W3CHttpResponseCodec.decode(W3CHttpResponseCodec.java:133)
	at org.openqa.selenium.remote.codec.w3c.W3CHttpResponseCodec.decode(W3CHttpResponseCodec.java:53)
	at org.openqa.selenium.remote.HttpCommandExecutor.execute(HttpCommandExecutor.java:184)
	at org.openqa.selenium.remote.service.DriverCommandExecutor.invokeExecute(DriverCommandExecutor.java:167)
	at org.openqa.selenium.remote.service.DriverCommandExecutor.execute(DriverCommandExecutor.java:142)
	at org.openqa.selenium.remote.RemoteWebDriver.execute(RemoteWebDriver.java:543)
	at org.openqa.selenium.remote.RemoteWebDriver.get(RemoteWebDriver.java:312)
	at com.amazon.base.BaseClass.initialization(BaseClass.java:58)
	at com.amazon.testcases.CreateAccountTestCases.setup(CreateAccountTestCases.java:27)
	at java.base/java.util.ArrayList.forEach(ArrayList.java:1511)
... Removed 36 stack frames
</div> <!-- stack-trace -->
                </div> <!-- method-content -->
              </div> <!-- method -->
              <div class="method">
                <div class="method-content">
                  <a name="name(Valid, sunny virdi, thisisvirdi@gmail.com, sunny123, sunny)">
                  </a> <!-- name(Valid, sunny virdi, thisisvirdi@gmail.com, sunny123, sunny) -->
                  <span class="method-name">name</span>
                  <span class="parameters">(Valid, sunny virdi, thisisvirdi@gmail.com, sunny123, sunny)</span>
                  <div class="stack-trace">org.openqa.selenium.TimeoutException: timeout: Timed out receiving message from renderer: 19.722
  (Session info: chrome=102.0.5005.115)
Build info: version: &apos;4.1.1&apos;, revision: &apos;e8fcc2cecf&apos;
System info: host: &apos;SUNNY&apos;, ip: &apos;192.168.8.15&apos;, os.name: &apos;Windows 10&apos;, os.arch: &apos;amd64&apos;, os.version: &apos;10.0&apos;, java.version: &apos;17.0.2&apos;
Driver info: org.openqa.selenium.chrome.ChromeDriver
Command: [641cbbb1753ad769fc10da20ee4add4e, get {url=https://www.amazon.ca/}]
Capabilities {acceptInsecureCerts: false, browserName: chrome, browserVersion: 102.0.5005.115, chrome: {chromedriverVersion: 101.0.4951.41 (93c720db8323..., userDataDir: C:\Users\sunny\AppData\Loca...}, goog:chromeOptions: {debuggerAddress: localhost:63674}, javascriptEnabled: true, networkConnectionEnabled: false, pageLoadStrategy: normal, platform: WINDOWS, platformName: WINDOWS, proxy: Proxy(), se:cdp: ws://localhost:63674/devtoo..., se:cdpVersion: 102.0.5005.115, setWindowRect: true, strictFileInteractability: false, timeouts: {implicit: 0, pageLoad: 300000, script: 30000}, unhandledPromptBehavior: dismiss and notify, webauthn:extension:credBlob: true, webauthn:extension:largeBlob: true, webauthn:virtualAuthenticators: true}
Session ID: 641cbbb1753ad769fc10da20ee4add4e
	at org.openqa.selenium.remote.codec.w3c.W3CHttpResponseCodec.createException(W3CHttpResponseCodec.java:200)
	at org.openqa.selenium.remote.codec.w3c.W3CHttpResponseCodec.decode(W3CHttpResponseCodec.java:133)
	at org.openqa.selenium.remote.codec.w3c.W3CHttpResponseCodec.decode(W3CHttpResponseCodec.java:53)
	at org.openqa.selenium.remote.HttpCommandExecutor.execute(HttpCommandExecutor.java:184)
	at org.openqa.selenium.remote.service.DriverCommandExecutor.invokeExecute(DriverCommandExecutor.java:167)
	at org.openqa.selenium.remote.service.DriverCommandExecutor.execute(DriverCommandExecutor.java:142)
	at org.openqa.selenium.remote.RemoteWebDriver.execute(RemoteWebDriver.java:543)
	at org.openqa.selenium.remote.RemoteWebDriver.get(RemoteWebDriver.java:312)
	at com.amazon.base.BaseClass.initialization(BaseClass.java:58)
	at com.amazon.testcases.CreateAccountTestCases.setup(CreateAccountTestCases.java:27)
	at java.base/java.util.ArrayList.forEach(ArrayList.java:1511)
... Removed 36 stack frames
</div> <!-- stack-trace -->
                </div> <!-- method-content -->
              </div> <!-- method -->
              <div class="method">
                <div class="method-content">
                  <a name="name(Par_Mob, sunny virdi, +1647, sunny123, sunny123)">
                  </a> <!-- name(Par_Mob, sunny virdi, +1647, sunny123, sunny123) -->
                  <span class="method-name">name</span>
                  <span class="parameters">(Par_Mob, sunny virdi, +1647, sunny123, sunny123)</span>
                  <div class="stack-trace">org.openqa.selenium.TimeoutException: timeout: Timed out receiving message from renderer: 19.722
  (Session info: chrome=102.0.5005.115)
Build info: version: &apos;4.1.1&apos;, revision: &apos;e8fcc2cecf&apos;
System info: host: &apos;SUNNY&apos;, ip: &apos;192.168.8.15&apos;, os.name: &apos;Windows 10&apos;, os.arch: &apos;amd64&apos;, os.version: &apos;10.0&apos;, java.version: &apos;17.0.2&apos;
Driver info: org.openqa.selenium.chrome.ChromeDriver
Command: [641cbbb1753ad769fc10da20ee4add4e, get {url=https://www.amazon.ca/}]
Capabilities {acceptInsecureCerts: false, browserName: chrome, browserVersion: 102.0.5005.115, chrome: {chromedriverVersion: 101.0.4951.41 (93c720db8323..., userDataDir: C:\Users\sunny\AppData\Loca...}, goog:chromeOptions: {debuggerAddress: localhost:63674}, javascriptEnabled: true, networkConnectionEnabled: false, pageLoadStrategy: normal, platform: WINDOWS, platformName: WINDOWS, proxy: Proxy(), se:cdp: ws://localhost:63674/devtoo..., se:cdpVersion: 102.0.5005.115, setWindowRect: true, strictFileInteractability: false, timeouts: {implicit: 0, pageLoad: 300000, script: 30000}, unhandledPromptBehavior: dismiss and notify, webauthn:extension:credBlob: true, webauthn:extension:largeBlob: true, webauthn:virtualAuthenticators: true}
Session ID: 641cbbb1753ad769fc10da20ee4add4e
	at org.openqa.selenium.remote.codec.w3c.W3CHttpResponseCodec.createException(W3CHttpResponseCodec.java:200)
	at org.openqa.selenium.remote.codec.w3c.W3CHttpResponseCodec.decode(W3CHttpResponseCodec.java:133)
	at org.openqa.selenium.remote.codec.w3c.W3CHttpResponseCodec.decode(W3CHttpResponseCodec.java:53)
	at org.openqa.selenium.remote.HttpCommandExecutor.execute(HttpCommandExecutor.java:184)
	at org.openqa.selenium.remote.service.DriverCommandExecutor.invokeExecute(DriverCommandExecutor.java:167)
	at org.openqa.selenium.remote.service.DriverCommandExecutor.execute(DriverCommandExecutor.java:142)
	at org.openqa.selenium.remote.RemoteWebDriver.execute(RemoteWebDriver.java:543)
	at org.openqa.selenium.remote.RemoteWebDriver.get(RemoteWebDriver.java:312)
	at com.amazon.base.BaseClass.initialization(BaseClass.java:58)
	at com.amazon.testcases.CreateAccountTestCases.setup(CreateAccountTestCases.java:27)
	at java.base/java.util.ArrayList.forEach(ArrayList.java:1511)
... Removed 36 stack frames
</div> <!-- stack-trace -->
                </div> <!-- method-content -->
              </div> <!-- method -->
              <div class="method">
                <div class="method-content">
                  <a name="name(Emp_pa, sunny virdi, thisisvirdi@gmail.com, sunny123, )">
                  </a> <!-- name(Emp_pa, sunny virdi, thisisvirdi@gmail.com, sunny123, ) -->
                  <span class="method-name">name</span>
                  <span class="parameters">(Emp_pa, sunny virdi, thisisvirdi@gmail.com, sunny123, )</span>
                  <div class="stack-trace">org.openqa.selenium.TimeoutException: timeout: Timed out receiving message from renderer: 19.722
  (Session info: chrome=102.0.5005.115)
Build info: version: &apos;4.1.1&apos;, revision: &apos;e8fcc2cecf&apos;
System info: host: &apos;SUNNY&apos;, ip: &apos;192.168.8.15&apos;, os.name: &apos;Windows 10&apos;, os.arch: &apos;amd64&apos;, os.version: &apos;10.0&apos;, java.version: &apos;17.0.2&apos;
Driver info: org.openqa.selenium.chrome.ChromeDriver
Command: [641cbbb1753ad769fc10da20ee4add4e, get {url=https://www.amazon.ca/}]
Capabilities {acceptInsecureCerts: false, browserName: chrome, browserVersion: 102.0.5005.115, chrome: {chromedriverVersion: 101.0.4951.41 (93c720db8323..., userDataDir: C:\Users\sunny\AppData\Loca...}, goog:chromeOptions: {debuggerAddress: localhost:63674}, javascriptEnabled: true, networkConnectionEnabled: false, pageLoadStrategy: normal, platform: WINDOWS, platformName: WINDOWS, proxy: Proxy(), se:cdp: ws://localhost:63674/devtoo..., se:cdpVersion: 102.0.5005.115, setWindowRect: true, strictFileInteractability: false, timeouts: {implicit: 0, pageLoad: 300000, script: 30000}, unhandledPromptBehavior: dismiss and notify, webauthn:extension:credBlob: true, webauthn:extension:largeBlob: true, webauthn:virtualAuthenticators: true}
Session ID: 641cbbb1753ad769fc10da20ee4add4e
	at org.openqa.selenium.remote.codec.w3c.W3CHttpResponseCodec.createException(W3CHttpResponseCodec.java:200)
	at org.openqa.selenium.remote.codec.w3c.W3CHttpResponseCodec.decode(W3CHttpResponseCodec.java:133)
	at org.openqa.selenium.remote.codec.w3c.W3CHttpResponseCodec.decode(W3CHttpResponseCodec.java:53)
	at org.openqa.selenium.remote.HttpCommandExecutor.execute(HttpCommandExecutor.java:184)
	at org.openqa.selenium.remote.service.DriverCommandExecutor.invokeExecute(DriverCommandExecutor.java:167)
	at org.openqa.selenium.remote.service.DriverCommandExecutor.execute(DriverCommandExecutor.java:142)
	at org.openqa.selenium.remote.RemoteWebDriver.execute(RemoteWebDriver.java:543)
	at org.openqa.selenium.remote.RemoteWebDriver.get(RemoteWebDriver.java:312)
	at com.amazon.base.BaseClass.initialization(BaseClass.java:58)
	at com.amazon.testcases.CreateAccountTestCases.setup(CreateAccountTestCases.java:27)
	at java.base/java.util.ArrayList.forEach(ArrayList.java:1511)
... Removed 36 stack frames
</div> <!-- stack-trace -->
                </div> <!-- method-content -->
              </div> <!-- method -->
            </div> <!-- main-panel-content rounded-window-bottom -->
          </div> <!-- suite-Suite-class-skipped -->
          <div class="suite-Suite-class-passed">
            <div class="main-panel-header rounded-window-top">
              <img src="passed.png"/>
              <span class="class-name">com.amazon.testcases.YourPayementTestCases</span>
            </div> <!-- main-panel-header rounded-window-top -->
            <div class="main-panel-content rounded-window-bottom">
              <div class="method">
                <div class="method-content">
                  <a name="Login">
                  </a> <!-- Login -->
                  <span class="method-name">Login</span>
                </div> <!-- method-content -->
              </div> <!-- method -->
              <div class="method">
                <div class="method-content">
                  <a name="UpdatePreferences">
                  </a> <!-- UpdatePreferences -->
                  <span class="method-name">UpdatePreferences</span>
                </div> <!-- method-content -->
              </div> <!-- method -->
            </div> <!-- main-panel-content rounded-window-bottom -->
          </div> <!-- suite-Suite-class-passed -->
          <div class="suite-Suite-class-passed">
            <div class="main-panel-header rounded-window-top">
              <img src="passed.png"/>
              <span class="class-name">com.amazon.testcases.SignInTestCases</span>
            </div> <!-- main-panel-header rounded-window-top -->
            <div class="main-panel-content rounded-window-bottom">
              <div class="method">
                <div class="method-content">
                  <a name="ExistingCustomer(Emp_Password, thisisvirdi@gmail.com, )">
                  </a> <!-- ExistingCustomer(Emp_Password, thisisvirdi@gmail.com, ) -->
                  <span class="method-name">ExistingCustomer</span>
                  <span class="parameters">(Emp_Password, thisisvirdi@gmail.com, )</span>
                </div> <!-- method-content -->
              </div> <!-- method -->
              <div class="method">
                <div class="method-content">
                  <a name="ExistingCustomer(Partial_Email, sumny@gmail.com, Mi4i9074)">
                  </a> <!-- ExistingCustomer(Partial_Email, sumny@gmail.com, Mi4i9074) -->
                  <span class="method-name">ExistingCustomer</span>
                  <span class="parameters">(Partial_Email, sumny@gmail.com, Mi4i9074)</span>
                </div> <!-- method-content -->
              </div> <!-- method -->
              <div class="method">
                <div class="method-content">
                  <a name="ExistingCustomer(Valid, thisisvirdi@gmail.com, Mi4i9074)">
                  </a> <!-- ExistingCustomer(Valid, thisisvirdi@gmail.com, Mi4i9074) -->
                  <span class="method-name">ExistingCustomer</span>
                  <span class="parameters">(Valid, thisisvirdi@gmail.com, Mi4i9074)</span>
                </div> <!-- method-content -->
              </div> <!-- method -->
            </div> <!-- main-panel-content rounded-window-bottom -->
          </div> <!-- suite-Suite-class-passed -->
          <div class="suite-Suite-class-passed">
            <div class="main-panel-header rounded-window-top">
              <img src="passed.png"/>
              <span class="class-name">com.amazon.testcases.YourAddressTestCases</span>
            </div> <!-- main-panel-header rounded-window-top -->
            <div class="main-panel-content rounded-window-bottom">
              <div class="method">
                <div class="method-content">
                  <a name="Address(Wrng_Postal, Sunny Virdi, 437-992-4557, 2152 lawrence Avenue East, Scarborough, M1R, 3063.0)">
                  </a> <!-- Address(Wrng_Postal, Sunny Virdi, 437-992-4557, 2152 lawrence Avenue East, Scarborough, M1R, 3063.0) -->
                  <span class="method-name">Address</span>
                  <span class="parameters">(Wrng_Postal, Sunny Virdi, 437-992-4557, 2152 lawrence Avenue East, Scarborough, M1R, 3063.0)</span>
                </div> <!-- method-content -->
              </div> <!-- method -->
              <div class="method">
                <div class="method-content">
                  <a name="Address(Emp_PhnNo, Sunny Virdi, , 2152 lawrence Avenue East, Scarborough, M1R 0B5, 3063.0)">
                  </a> <!-- Address(Emp_PhnNo, Sunny Virdi, , 2152 lawrence Avenue East, Scarborough, M1R 0B5, 3063.0) -->
                  <span class="method-name">Address</span>
                  <span class="parameters">(Emp_PhnNo, Sunny Virdi, , 2152 lawrence Avenue East, Scarborough, M1R 0B5, 3063.0)</span>
                </div> <!-- method-content -->
              </div> <!-- method -->
              <div class="method">
                <div class="method-content">
                  <a name="Address(Emp_Add, Sunny Virdi, 437-992-4557, , Scarborough, M1R 0B5, 3063.0)">
                  </a> <!-- Address(Emp_Add, Sunny Virdi, 437-992-4557, , Scarborough, M1R 0B5, 3063.0) -->
                  <span class="method-name">Address</span>
                  <span class="parameters">(Emp_Add, Sunny Virdi, 437-992-4557, , Scarborough, M1R 0B5, 3063.0)</span>
                </div> <!-- method-content -->
              </div> <!-- method -->
              <div class="method">
                <div class="method-content">
                  <a name="Address(Emp_City, Sunny Virdi, 437-992-4557, 2152 lawrence Avenue East, , M1R 0B5, 3063.0)">
                  </a> <!-- Address(Emp_City, Sunny Virdi, 437-992-4557, 2152 lawrence Avenue East, , M1R 0B5, 3063.0) -->
                  <span class="method-name">Address</span>
                  <span class="parameters">(Emp_City, Sunny Virdi, 437-992-4557, 2152 lawrence Avenue East, , M1R 0B5, 3063.0)</span>
                </div> <!-- method-content -->
              </div> <!-- method -->
              <div class="method">
                <div class="method-content">
                  <a name="Address(Emp_Postal, Sunny Virdi, 437-9924-557, 2152 lawrence Avenue East, Scarborough, , 3063.0)">
                  </a> <!-- Address(Emp_Postal, Sunny Virdi, 437-9924-557, 2152 lawrence Avenue East, Scarborough, , 3063.0) -->
                  <span class="method-name">Address</span>
                  <span class="parameters">(Emp_Postal, Sunny Virdi, 437-9924-557, 2152 lawrence Avenue East, Scarborough, , 3063.0)</span>
                </div> <!-- method-content -->
              </div> <!-- method -->
            </div> <!-- main-panel-content rounded-window-bottom -->
          </div> <!-- suite-Suite-class-passed -->
          <div class="suite-Suite-class-passed">
            <div class="main-panel-header rounded-window-top">
              <img src="passed.png"/>
              <span class="class-name">com.amazon.testcases.SearchTestCases</span>
            </div> <!-- main-panel-header rounded-window-top -->
            <div class="main-panel-content rounded-window-bottom">
              <div class="method">
                <div class="method-content">
                  <a name="sortfilter">
                  </a> <!-- sortfilter -->
                  <span class="method-name">sortfilter</span>
                </div> <!-- method-content -->
              </div> <!-- method -->
              <div class="method">
                <div class="method-content">
                  <a name="sotirng">
                  </a> <!-- sotirng -->
                  <span class="method-name">sotirng</span>
                </div> <!-- method-content -->
              </div> <!-- method -->
            </div> <!-- main-panel-content rounded-window-bottom -->
          </div> <!-- suite-Suite-class-passed -->
          <div class="suite-Suite-class-passed">
            <div class="main-panel-header rounded-window-top">
              <img src="passed.png"/>
              <span class="class-name">com.amazon.testcases.YourOrdersTestCases</span>
            </div> <!-- main-panel-header rounded-window-top -->
            <div class="main-panel-content rounded-window-bottom">
              <div class="method">
                <div class="method-content">
                  <a name="YourOrders">
                  </a> <!-- YourOrders -->
                  <span class="method-name">YourOrders</span>
                </div> <!-- method-content -->
              </div> <!-- method -->
            </div> <!-- main-panel-content rounded-window-bottom -->
          </div> <!-- suite-Suite-class-passed -->
          <div class="suite-Suite-class-passed">
            <div class="main-panel-header rounded-window-top">
              <img src="passed.png"/>
              <span class="class-name">com.amazon.testcases.YourAccountTestCases</span>
            </div> <!-- main-panel-header rounded-window-top -->
            <div class="main-panel-content rounded-window-bottom">
              <div class="method">
                <div class="method-content">
                  <a name="yourAccount">
                  </a> <!-- yourAccount -->
                  <span class="method-name">yourAccount</span>
                </div> <!-- method-content -->
              </div> <!-- method -->
            </div> <!-- main-panel-content rounded-window-bottom -->
          </div> <!-- suite-Suite-class-passed -->
          <div class="suite-Suite-class-passed">
            <div class="main-panel-header rounded-window-top">
              <img src="passed.png"/>
              <span class="class-name">com.amazon.testcases.CreateAccountTestCases</span>
            </div> <!-- main-panel-header rounded-window-top -->
            <div class="main-panel-content rounded-window-bottom">
              <div class="method">
                <div class="method-content">
                  <a name="name(Emp_ps, sunny virdi, thisisvirdi@gmail.com, , sunny123)">
                  </a> <!-- name(Emp_ps, sunny virdi, thisisvirdi@gmail.com, , sunny123) -->
                  <span class="method-name">name</span>
                  <span class="parameters">(Emp_ps, sunny virdi, thisisvirdi@gmail.com, , sunny123)</span>
                </div> <!-- method-content -->
              </div> <!-- method -->
              <div class="method">
                <div class="method-content">
                  <a name="name(Emp_EM, sunny virdi, , sunny123, sunny123)">
                  </a> <!-- name(Emp_EM, sunny virdi, , sunny123, sunny123) -->
                  <span class="method-name">name</span>
                  <span class="parameters">(Emp_EM, sunny virdi, , sunny123, sunny123)</span>
                </div> <!-- method-content -->
              </div> <!-- method -->
              <div class="method">
                <div class="method-content">
                  <a name="name(Emp_na, , 437-992-4557, sunny123, sunny123)">
                  </a> <!-- name(Emp_na, , 437-992-4557, sunny123, sunny123) -->
                  <span class="method-name">name</span>
                  <span class="parameters">(Emp_na, , 437-992-4557, sunny123, sunny123)</span>
                </div> <!-- method-content -->
              </div> <!-- method -->
            </div> <!-- main-panel-content rounded-window-bottom -->
          </div> <!-- suite-Suite-class-passed -->
          <div class="suite-Suite-class-passed">
            <div class="main-panel-header rounded-window-top">
              <img src="passed.png"/>
              <span class="class-name">com.amazon.testcases.ShoppingTestCases</span>
            </div> <!-- main-panel-header rounded-window-top -->
            <div class="main-panel-content rounded-window-bottom">
              <div class="method">
                <div class="method-content">
                  <a name="SearchItem">
                  </a> <!-- SearchItem -->
                  <span class="method-name">SearchItem</span>
                </div> <!-- method-content -->
              </div> <!-- method -->
            </div> <!-- main-panel-content rounded-window-bottom -->
          </div> <!-- suite-Suite-class-passed -->
        </div> <!-- panel Suite -->
        <div panel-name="test-xml-Suite" class="panel">
          <div class="main-panel-header rounded-window-top">
            <span class="header-content">C:\Users\sunny\eclipse-workspace\AmazonAutomation\testng.xml</span>
          </div> <!-- main-panel-header rounded-window-top -->
          <div class="main-panel-content rounded-window-bottom">
            <pre>
&lt;?xml version=&quot;1.0&quot; encoding=&quot;UTF-8&quot;?&gt;
&lt;!DOCTYPE suite SYSTEM &quot;https://testng.org/testng-1.0.dtd&quot;&gt;
&lt;suite name=&quot;Suite&quot; guice-stage=&quot;DEVELOPMENT&quot;&gt;
  &lt;test thread-count=&quot;5&quot; name=&quot;Test&quot;&gt;
    &lt;classes&gt;
      &lt;class name=&quot;com.amazon.testcases.GuestAccountTestCases&quot;/&gt;
      &lt;class name=&quot;com.amazon.testcases.ShoppingTestCases&quot;/&gt;
      &lt;class name=&quot;com.amazon.testcases.CreateAccountTestCases&quot;/&gt;
      &lt;class name=&quot;com.amazon.testcases.YourAddressTestCases&quot;/&gt;
      &lt;class name=&quot;com.amazon.testcases.YourOrdersTestCases&quot;/&gt;
      &lt;class name=&quot;com.amazon.testcases.SearchTestCases&quot;/&gt;
      &lt;class name=&quot;com.amazon.testcases.YourPayementTestCases&quot;/&gt;
      &lt;class name=&quot;com.amazon.testcases.ShippingTestCases&quot;/&gt;
      &lt;class name=&quot;com.amazon.testcases.SignInTestCases&quot;/&gt;
      &lt;class name=&quot;com.amazon.testcases.YourAccountTestCases&quot;/&gt;
    &lt;/classes&gt;
  &lt;/test&gt; &lt;!-- Test --&gt;
&lt;/suite&gt; &lt;!-- Suite --&gt;
            </pre>
          </div> <!-- main-panel-content rounded-window-bottom -->
        </div> <!-- panel -->
        <div panel-name="testlist-Suite" class="panel">
          <div class="main-panel-header rounded-window-top">
            <span class="header-content">Tests for Suite</span>
          </div> <!-- main-panel-header rounded-window-top -->
          <div class="main-panel-content rounded-window-bottom">
            <ul>
              <li>
                <span class="test-name">Test (10 classes)</span>
              </li>
            </ul>
          </div> <!-- main-panel-content rounded-window-bottom -->
        </div> <!-- panel -->
        <div panel-name="group-Suite" class="panel">
          <div class="main-panel-header rounded-window-top">
            <span class="header-content">Groups for Suite</span>
          </div> <!-- main-panel-header rounded-window-top -->
          <div class="main-panel-content rounded-window-bottom">
          </div> <!-- main-panel-content rounded-window-bottom -->
        </div> <!-- panel -->
        <div panel-name="times-Suite" class="panel">
          <div class="main-panel-header rounded-window-top">
            <span class="header-content">Times for Suite</span>
          </div> <!-- main-panel-header rounded-window-top -->
          <div class="main-panel-content rounded-window-bottom">
            <div class="times-div">
              <script type="text/javascript">
suiteTableInitFunctions.push('tableData_Suite');
function tableData_Suite() {
var data = new google.visualization.DataTable();
data.addColumn('number', 'Number');
data.addColumn('string', 'Method');
data.addColumn('string', 'Class');
data.addColumn('number', 'Time (ms)');
data.addRows(35);
data.setCell(0, 0, 0)
data.setCell(0, 1, 'Address')
data.setCell(0, 2, 'com.amazon.testcases.YourAddressTestCases')
data.setCell(0, 3, 84964);
data.setCell(1, 0, 1)
data.setCell(1, 1, 'Address')
data.setCell(1, 2, 'com.amazon.testcases.YourAddressTestCases')
data.setCell(1, 3, 67674);
data.setCell(2, 0, 2)
data.setCell(2, 1, 'Address')
data.setCell(2, 2, 'com.amazon.testcases.YourAddressTestCases')
data.setCell(2, 3, 67346);
data.setCell(3, 0, 3)
data.setCell(3, 1, 'Address')
data.setCell(3, 2, 'com.amazon.testcases.YourAddressTestCases')
data.setCell(3, 3, 66052);
data.setCell(4, 0, 4)
data.setCell(4, 1, 'Address')
data.setCell(4, 2, 'com.amazon.testcases.YourAddressTestCases')
data.setCell(4, 3, 65787);
data.setCell(5, 0, 5)
data.setCell(5, 1, 'Address')
data.setCell(5, 2, 'com.amazon.testcases.YourAddressTestCases')
data.setCell(5, 3, 65588);
data.setCell(6, 0, 6)
data.setCell(6, 1, 'Address')
data.setCell(6, 2, 'com.amazon.testcases.YourAddressTestCases')
data.setCell(6, 3, 63619);
data.setCell(7, 0, 7)
data.setCell(7, 1, 'SelectItem')
data.setCell(7, 2, 'com.amazon.testcases.ShippingTestCases')
data.setCell(7, 3, 52784);
data.setCell(8, 0, 8)
data.setCell(8, 1, 'seachItem')
data.setCell(8, 2, 'com.amazon.testcases.SearchTestCases')
data.setCell(8, 3, 44613);
data.setCell(9, 0, 9)
data.setCell(9, 1, 'SearchItem')
data.setCell(9, 2, 'com.amazon.testcases.ShoppingTestCases')
data.setCell(9, 3, 41277);
data.setCell(10, 0, 10)
data.setCell(10, 1, 'Cart')
data.setCell(10, 2, 'com.amazon.testcases.ShoppingTestCases')
data.setCell(10, 3, 39273);
data.setCell(11, 0, 11)
data.setCell(11, 1, 'sortfilter')
data.setCell(11, 2, 'com.amazon.testcases.SearchTestCases')
data.setCell(11, 3, 37199);
data.setCell(12, 0, 12)
data.setCell(12, 1, 'sotirng')
data.setCell(12, 2, 'com.amazon.testcases.SearchTestCases')
data.setCell(12, 3, 36457);
data.setCell(13, 0, 13)
data.setCell(13, 1, 'yourAccount')
data.setCell(13, 2, 'com.amazon.testcases.YourAccountTestCases')
data.setCell(13, 3, 27807);
data.setCell(14, 0, 14)
data.setCell(14, 1, 'ExistingCustomer')
data.setCell(14, 2, 'com.amazon.testcases.SignInTestCases')
data.setCell(14, 3, 21489);
data.setCell(15, 0, 15)
data.setCell(15, 1, 'UpdatePreferences')
data.setCell(15, 2, 'com.amazon.testcases.YourPayementTestCases')
data.setCell(15, 3, 20591);
data.setCell(16, 0, 16)
data.setCell(16, 1, 'AddCardDetails')
data.setCell(16, 2, 'com.amazon.testcases.YourPayementTestCases')
data.setCell(16, 3, 19642);
data.setCell(17, 0, 17)
data.setCell(17, 1, 'name')
data.setCell(17, 2, 'com.amazon.testcases.CreateAccountTestCases')
data.setCell(17, 3, 17624);
data.setCell(18, 0, 18)
data.setCell(18, 1, 'name')
data.setCell(18, 2, 'com.amazon.testcases.CreateAccountTestCases')
data.setCell(18, 3, 17521);
data.setCell(19, 0, 19)
data.setCell(19, 1, 'name')
data.setCell(19, 2, 'com.amazon.testcases.CreateAccountTestCases')
data.setCell(19, 3, 17278);
data.setCell(20, 0, 20)
data.setCell(20, 1, 'YourOrders')
data.setCell(20, 2, 'com.amazon.testcases.YourOrdersTestCases')
data.setCell(20, 3, 13809);
data.setCell(21, 0, 21)
data.setCell(21, 1, 'ExistingCustomer')
data.setCell(21, 2, 'com.amazon.testcases.SignInTestCases')
data.setCell(21, 3, 13442);
data.setCell(22, 0, 22)
data.setCell(22, 1, 'ExistingCustomer')
data.setCell(22, 2, 'com.amazon.testcases.SignInTestCases')
data.setCell(22, 3, 10098);
data.setCell(23, 0, 23)
data.setCell(23, 1, 'ExistingCustomer')
data.setCell(23, 2, 'com.amazon.testcases.SignInTestCases')
data.setCell(23, 3, 10060);
data.setCell(24, 0, 24)
data.setCell(24, 1, 'ExistingCustomer')
data.setCell(24, 2, 'com.amazon.testcases.SignInTestCases')
data.setCell(24, 3, 10042);
data.setCell(25, 0, 25)
data.setCell(25, 1, 'GuestAccount')
data.setCell(25, 2, 'com.amazon.testcases.GuestAccountTestCases')
data.setCell(25, 3, 8974);
data.setCell(26, 0, 26)
data.setCell(26, 1, 'ExistingCustomer')
data.setCell(26, 2, 'com.amazon.testcases.SignInTestCases')
data.setCell(26, 3, 7245);
data.setCell(27, 0, 27)
data.setCell(27, 1, 'Login')
data.setCell(27, 2, 'com.amazon.testcases.YourPayementTestCases')
data.setCell(27, 3, 2368);
data.setCell(28, 0, 28)
data.setCell(28, 1, 'OtherOptions')
data.setCell(28, 2, 'com.amazon.testcases.YourOrdersTestCases')
data.setCell(28, 3, 0);
data.setCell(29, 0, 29)
data.setCell(29, 1, 'partialitem')
data.setCell(29, 2, 'com.amazon.testcases.SearchTestCases')
data.setCell(29, 3, 0);
data.setCell(30, 0, 30)
data.setCell(30, 1, 'name')
data.setCell(30, 2, 'com.amazon.testcases.CreateAccountTestCases')
data.setCell(30, 3, 0);
data.setCell(31, 0, 31)
data.setCell(31, 1, 'name')
data.setCell(31, 2, 'com.amazon.testcases.CreateAccountTestCases')
data.setCell(31, 3, 0);
data.setCell(32, 0, 32)
data.setCell(32, 1, 'name')
data.setCell(32, 2, 'com.amazon.testcases.CreateAccountTestCases')
data.setCell(32, 3, 0);
data.setCell(33, 0, 33)
data.setCell(33, 1, 'name')
data.setCell(33, 2, 'com.amazon.testcases.CreateAccountTestCases')
data.setCell(33, 3, 0);
data.setCell(34, 0, 34)
data.setCell(34, 1, 'name')
data.setCell(34, 2, 'com.amazon.testcases.CreateAccountTestCases')
data.setCell(34, 3, 0);
window.suiteTableData['Suite']= { tableData: data, tableDiv: 'times-div-Suite'}
return data;
}
              </script>
              <span class="suite-total-time">Total running time: 15 minutes</span>
              <div id="times-div-Suite">
              </div> <!-- times-div-Suite -->
            </div> <!-- times-div -->
          </div> <!-- main-panel-content rounded-window-bottom -->
        </div> <!-- panel -->
        <div panel-name="reporter-Suite" class="panel">
          <div class="main-panel-header rounded-window-top">
            <span class="header-content">Reporter output for Suite</span>
          </div> <!-- main-panel-header rounded-window-top -->
          <div class="main-panel-content rounded-window-bottom">
          </div> <!-- main-panel-content rounded-window-bottom -->
        </div> <!-- panel -->
        <div panel-name="ignored-methods-Suite" class="panel">
          <div class="main-panel-header rounded-window-top">
            <span class="header-content">0 ignored methods</span>
          </div> <!-- main-panel-header rounded-window-top -->
          <div class="main-panel-content rounded-window-bottom">
          </div> <!-- main-panel-content rounded-window-bottom -->
        </div> <!-- panel -->
        <div panel-name="chronological-Suite" class="panel">
          <div class="main-panel-header rounded-window-top">
            <span class="header-content">Methods in chronological order</span>
          </div> <!-- main-panel-header rounded-window-top -->
          <div class="main-panel-content rounded-window-bottom">
            <div class="chronological-class">
              <div class="chronological-class-name">com.amazon.testcases.GuestAccountTestCases</div> <!-- chronological-class-name -->
              <div class="configuration-method before">
                <span class="method-name">Yourorders</span>
                <span class="method-start">0 ms</span>
              </div> <!-- configuration-method before -->
              <div class="test-method">
                <img src="failed.png">
                </img>
                <span class="method-name">GuestAccount</span>
                <span class="method-start">6412 ms</span>
              </div> <!-- test-method -->
              <div class="configuration-method after">
                <span class="method-name">closebrowser</span>
                <span class="method-start">15443 ms</span>
              </div> <!-- configuration-method after -->
            </div> <!-- chronological-class -->
            <div class="chronological-class">
              <div class="chronological-class-name">com.amazon.testcases.ShoppingTestCases</div> <!-- chronological-class-name -->
              <div class="configuration-method before">
                <span class="method-name">ShoppingCart</span>
                <span class="method-start">15746 ms</span>
              </div> <!-- configuration-method before -->
              <div class="test-method">
                <span class="method-name">SearchItem</span>
                <span class="method-start">41120 ms</span>
              </div> <!-- test-method -->
              <div class="configuration-method after">
                <span class="method-name">CloseBrowser</span>
                <span class="method-start">82405 ms</span>
              </div> <!-- configuration-method after -->
              <div class="configuration-method before">
                <span class="method-name">ShoppingCart</span>
                <span class="method-start">83054 ms</span>
              </div> <!-- configuration-method before -->
              <div class="test-method">
                <img src="failed.png">
                </img>
                <span class="method-name">Cart</span>
                <span class="method-start">103602 ms</span>
              </div> <!-- test-method -->
              <div class="configuration-method after">
                <span class="method-name">CloseBrowser</span>
                <span class="method-start">142880 ms</span>
              </div> <!-- configuration-method after -->
            </div> <!-- chronological-class -->
            <div class="chronological-class">
              <div class="chronological-class-name">com.amazon.testcases.CreateAccountTestCases</div> <!-- chronological-class-name -->
              <div class="configuration-method before">
                <span class="method-name">setup</span>
                <span class="method-start">144638 ms</span>
              </div> <!-- configuration-method before -->
              <div class="test-method">
                <span class="method-name">name(Emp_na, , 437-992-4557, sunny123, sunny123)</span>
                <span class="method-start">151189 ms</span>
              </div> <!-- test-method -->
              <div class="configuration-method after">
                <span class="method-name">closebrowser</span>
                <span class="method-start">168821 ms</span>
              </div> <!-- configuration-method after -->
              <div class="configuration-method before">
                <span class="method-name">setup</span>
                <span class="method-start">169313 ms</span>
              </div> <!-- configuration-method before -->
              <div class="test-method">
                <span class="method-name">name(Emp_EM, sunny virdi, , sunny123, sunny123)</span>
                <span class="method-start">175236 ms</span>
              </div> <!-- test-method -->
              <div class="configuration-method after">
                <span class="method-name">closebrowser</span>
                <span class="method-start">192760 ms</span>
              </div> <!-- configuration-method after -->
              <div class="configuration-method before">
                <span class="method-name">setup</span>
                <span class="method-start">193207 ms</span>
              </div> <!-- configuration-method before -->
              <div class="test-method">
                <span class="method-name">name(Emp_ps, sunny virdi, thisisvirdi@gmail.com, , sunny123)</span>
                <span class="method-start">199089 ms</span>
              </div> <!-- test-method -->
              <div class="configuration-method after">
                <span class="method-name">closebrowser</span>
                <span class="method-start">216370 ms</span>
              </div> <!-- configuration-method after -->
              <div class="configuration-method before">
                <img src="failed.png">
                </img>
                <span class="method-name">setup</span>
                <span class="method-start">216683 ms</span>
              </div> <!-- configuration-method before -->
              <div class="test-method">
                <span class="method-name">name(Emp_pa, sunny virdi, thisisvirdi@gmail.com, sunny123, )</span>
                <span class="method-start">238554 ms</span>
              </div> <!-- test-method -->
              <div class="configuration-method after">
                <span class="method-name">closebrowser</span>
                <span class="method-start">238567 ms</span>
              </div> <!-- configuration-method after -->
              <div class="configuration-method before">
                <span class="method-name">setup</span>
                <span class="method-start">238579 ms</span>
              </div> <!-- configuration-method before -->
              <div class="test-method">
                <span class="method-name">name(Valid, sunny virdi, thisisvirdi@gmail.com, sunny123, sunny)</span>
                <span class="method-start">238581 ms</span>
              </div> <!-- test-method -->
              <div class="configuration-method after">
                <span class="method-name">closebrowser</span>
                <span class="method-start">238594 ms</span>
              </div> <!-- configuration-method after -->
              <div class="configuration-method before">
                <span class="method-name">setup</span>
                <span class="method-start">238596 ms</span>
              </div> <!-- configuration-method before -->
              <div class="test-method">
                <span class="method-name">name(Par_Mob, sunny virdi, +1647, sunny123, sunny123)</span>
                <span class="method-start">238597 ms</span>
              </div> <!-- test-method -->
              <div class="configuration-method after">
                <span class="method-name">closebrowser</span>
                <span class="method-start">238647 ms</span>
              </div> <!-- configuration-method after -->
              <div class="configuration-method before">
                <span class="method-name">setup</span>
                <span class="method-start">238655 ms</span>
              </div> <!-- configuration-method before -->
              <div class="test-method">
                <span class="method-name">name(Par_email, sunny virdi, thisisvirdi@, sunny123, sunny123)</span>
                <span class="method-start">238658 ms</span>
              </div> <!-- test-method -->
              <div class="configuration-method after">
                <span class="method-name">closebrowser</span>
                <span class="method-start">238677 ms</span>
              </div> <!-- configuration-method after -->
              <div class="configuration-method before">
                <span class="method-name">setup</span>
                <span class="method-start">238681 ms</span>
              </div> <!-- configuration-method before -->
              <div class="test-method">
                <span class="method-name">name(Ver_Auth, sunny virdi, sunnyvirdi0229@gmail.com, sunny123, sunny123)</span>
                <span class="method-start">238682 ms</span>
              </div> <!-- test-method -->
              <div class="configuration-method after">
                <span class="method-name">closebrowser</span>
                <span class="method-start">238690 ms</span>
              </div> <!-- configuration-method after -->
            </div> <!-- chronological-class -->
            <div class="chronological-class">
              <div class="chronological-class-name">com.amazon.testcases.YourAddressTestCases</div> <!-- chronological-class-name -->
              <div class="configuration-method before">
                <span class="method-name">setup</span>
                <span class="method-start">238962 ms</span>
              </div> <!-- configuration-method before -->
              <div class="test-method">
                <img src="failed.png">
                </img>
                <span class="method-name">Address(Emp_Name, , 437-992-4557, 2152 lawrence Avenue East, Scarborough, M1R 0B5, 3063.0)</span>
                <span class="method-start">245836 ms</span>
              </div> <!-- test-method -->
              <div class="configuration-method after">
                <span class="method-name">closebrowser</span>
                <span class="method-start">311426 ms</span>
              </div> <!-- configuration-method after -->
              <div class="configuration-method before">
                <span class="method-name">setup</span>
                <span class="method-start">311927 ms</span>
              </div> <!-- configuration-method before -->
              <div class="test-method">
                <span class="method-name">Address(Emp_PhnNo, Sunny Virdi, , 2152 lawrence Avenue East, Scarborough, M1R 0B5, 3063.0)</span>
                <span class="method-start">318869 ms</span>
              </div> <!-- test-method -->
              <div class="configuration-method after">
                <span class="method-name">closebrowser</span>
                <span class="method-start">386545 ms</span>
              </div> <!-- configuration-method after -->
              <div class="configuration-method before">
                <span class="method-name">setup</span>
                <span class="method-start">387035 ms</span>
              </div> <!-- configuration-method before -->
              <div class="test-method">
                <span class="method-name">Address(Emp_Add, Sunny Virdi, 437-992-4557, , Scarborough, M1R 0B5, 3063.0)</span>
                <span class="method-start">393983 ms</span>
              </div> <!-- test-method -->
              <div class="configuration-method after">
                <span class="method-name">closebrowser</span>
                <span class="method-start">457603 ms</span>
              </div> <!-- configuration-method after -->
              <div class="configuration-method before">
                <span class="method-name">setup</span>
                <span class="method-start">458042 ms</span>
              </div> <!-- configuration-method before -->
              <div class="test-method">
                <span class="method-name">Address(Emp_City, Sunny Virdi, 437-992-4557, 2152 lawrence Avenue East, , M1R 0B5, 3063.0)</span>
                <span class="method-start">465053 ms</span>
              </div> <!-- test-method -->
              <div class="configuration-method after">
                <span class="method-name">closebrowser</span>
                <span class="method-start">532429 ms</span>
              </div> <!-- configuration-method after -->
              <div class="configuration-method before">
                <span class="method-name">setup</span>
                <span class="method-start">532877 ms</span>
              </div> <!-- configuration-method before -->
              <div class="test-method">
                <span class="method-name">Address(Emp_Postal, Sunny Virdi, 437-9924-557, 2152 lawrence Avenue East, Scarborough, , 3063.0)</span>
                <span class="method-start">540085 ms</span>
              </div> <!-- test-method -->
              <div class="configuration-method after">
                <span class="method-name">closebrowser</span>
                <span class="method-start">605879 ms</span>
              </div> <!-- configuration-method after -->
              <div class="configuration-method before">
                <span class="method-name">setup</span>
                <span class="method-start">606389 ms</span>
              </div> <!-- configuration-method before -->
              <div class="test-method">
                <span class="method-name">Address(Wrng_Postal, Sunny Virdi, 437-992-4557, 2152 lawrence Avenue East, Scarborough, M1R, 3063.0)</span>
                <span class="method-start">612462 ms</span>
              </div> <!-- test-method -->
              <div class="configuration-method after">
                <span class="method-name">closebrowser</span>
                <span class="method-start">678515 ms</span>
              </div> <!-- configuration-method after -->
              <div class="configuration-method before">
                <span class="method-name">setup</span>
                <span class="method-start">678992 ms</span>
              </div> <!-- configuration-method before -->
              <div class="test-method">
                <img src="failed.png">
                </img>
                <span class="method-name">Address(Valid, Sunny Virdi, 437-992-4557, 2152 lawrence Avenue East, Scarborough, M1R 0B5, 3063.0)</span>
                <span class="method-start">686302 ms</span>
              </div> <!-- test-method -->
              <div class="configuration-method after">
                <span class="method-name">closebrowser</span>
                <span class="method-start">771269 ms</span>
              </div> <!-- configuration-method after -->
            </div> <!-- chronological-class -->
            <div class="chronological-class">
              <div class="chronological-class-name">com.amazon.testcases.YourOrdersTestCases</div> <!-- chronological-class-name -->
              <div class="configuration-method before">
                <span class="method-name">Login</span>
                <span class="method-start">771752 ms</span>
              </div> <!-- configuration-method before -->
              <div class="test-method">
                <span class="method-name">YourOrders</span>
                <span class="method-start">799579 ms</span>
              </div> <!-- test-method -->
              <div class="configuration-method after">
                <span class="method-name">closebrowser</span>
                <span class="method-start">813398 ms</span>
              </div> <!-- configuration-method after -->
              <div class="configuration-method before">
                <img src="failed.png">
                </img>
                <span class="method-name">Login</span>
                <span class="method-start">813857 ms</span>
              </div> <!-- configuration-method before -->
              <div class="test-method">
                <span class="method-name">OtherOptions</span>
                <span class="method-start">843286 ms</span>
              </div> <!-- test-method -->
              <div class="configuration-method after">
                <span class="method-name">closebrowser</span>
                <span class="method-start">843289 ms</span>
              </div> <!-- configuration-method after -->
            </div> <!-- chronological-class -->
            <div class="chronological-class">
              <div class="chronological-class-name">com.amazon.testcases.SearchTestCases</div> <!-- chronological-class-name -->
              <div class="configuration-method before">
                <span class="method-name">search</span>
                <span class="method-start">843291 ms</span>
              </div> <!-- configuration-method before -->
              <div class="test-method">
                <span class="method-name">sotirng</span>
                <span class="method-start">865917 ms</span>
              </div> <!-- test-method -->
              <div class="configuration-method after">
                <span class="method-name">CloseBrowser</span>
                <span class="method-start">902376 ms</span>
              </div> <!-- configuration-method after -->
              <div class="configuration-method before">
                <span class="method-name">search</span>
                <span class="method-start">902979 ms</span>
              </div> <!-- configuration-method before -->
              <div class="test-method">
                <span class="method-name">sortfilter</span>
                <span class="method-start">924975 ms</span>
              </div> <!-- test-method -->
              <div class="configuration-method after">
                <span class="method-name">CloseBrowser</span>
                <span class="method-start">962175 ms</span>
              </div> <!-- configuration-method after -->
              <div class="configuration-method before">
                <span class="method-name">search</span>
                <span class="method-start">962764 ms</span>
              </div> <!-- configuration-method before -->
              <div class="test-method">
                <img src="failed.png">
                </img>
                <span class="method-name">seachItem</span>
                <span class="method-start">985210 ms</span>
              </div> <!-- test-method -->
              <div class="configuration-method after">
                <span class="method-name">CloseBrowser</span>
                <span class="method-start">1029828 ms</span>
              </div> <!-- configuration-method after -->
              <div class="configuration-method before">
                <img src="failed.png">
                </img>
                <span class="method-name">search</span>
                <span class="method-start">1030555 ms</span>
              </div> <!-- configuration-method before -->
              <div class="test-method">
                <span class="method-name">partialitem</span>
                <span class="method-start">1043357 ms</span>
              </div> <!-- test-method -->
              <div class="configuration-method after">
                <span class="method-name">CloseBrowser</span>
                <span class="method-start">1043388 ms</span>
              </div> <!-- configuration-method after -->
            </div> <!-- chronological-class -->
            <div class="chronological-class">
              <div class="chronological-class-name">com.amazon.testcases.YourPayementTestCases</div> <!-- chronological-class-name -->
              <div class="configuration-method before">
                <span class="method-name">YourPayement</span>
                <span class="method-start">1043396 ms</span>
              </div> <!-- configuration-method before -->
              <div class="test-method">
                <span class="method-name">Login</span>
                <span class="method-start">1074393 ms</span>
              </div> <!-- test-method -->
              <div class="configuration-method after">
                <span class="method-name">closebrowser</span>
                <span class="method-start">1076768 ms</span>
              </div> <!-- configuration-method after -->
              <div class="configuration-method before">
                <span class="method-name">YourPayement</span>
                <span class="method-start">1077294 ms</span>
              </div> <!-- configuration-method before -->
              <div class="test-method">
                <img src="failed.png">
                </img>
                <span class="method-name">AddCardDetails</span>
                <span class="method-start">1105584 ms</span>
              </div> <!-- test-method -->
              <div class="configuration-method after">
                <span class="method-name">closebrowser</span>
                <span class="method-start">1125240 ms</span>
              </div> <!-- configuration-method after -->
              <div class="configuration-method before">
                <span class="method-name">YourPayement</span>
                <span class="method-start">1125742 ms</span>
              </div> <!-- configuration-method before -->
              <div class="test-method">
                <span class="method-name">UpdatePreferences</span>
                <span class="method-start">1152971 ms</span>
              </div> <!-- test-method -->
              <div class="configuration-method after">
                <span class="method-name">closebrowser</span>
                <span class="method-start">1173567 ms</span>
              </div> <!-- configuration-method after -->
            </div> <!-- chronological-class -->
            <div class="chronological-class">
              <div class="chronological-class-name">com.amazon.testcases.ShippingTestCases</div> <!-- chronological-class-name -->
              <div class="configuration-method before">
                <span class="method-name">Yourorders</span>
                <span class="method-start">1174252 ms</span>
              </div> <!-- configuration-method before -->
              <div class="test-method">
                <img src="failed.png">
                </img>
                <span class="method-name">SelectItem</span>
                <span class="method-start">1195641 ms</span>
              </div> <!-- test-method -->
              <div class="configuration-method after">
                <span class="method-name">closebrowser</span>
                <span class="method-start">1248437 ms</span>
              </div> <!-- configuration-method after -->
            </div> <!-- chronological-class -->
            <div class="chronological-class">
              <div class="chronological-class-name">com.amazon.testcases.SignInTestCases</div> <!-- chronological-class-name -->
              <div class="configuration-method before">
                <span class="method-name">SignIn</span>
                <span class="method-start">1249332 ms</span>
              </div> <!-- configuration-method before -->
              <div class="test-method">
                <img src="failed.png">
                </img>
                <span class="method-name">ExistingCustomer(Emp_Email, , Mi4i9074)</span>
                <span class="method-start">1252186 ms</span>
              </div> <!-- test-method -->
              <div class="configuration-method after">
                <span class="method-name">closebowser</span>
                <span class="method-start">1262286 ms</span>
              </div> <!-- configuration-method after -->
              <div class="configuration-method before">
                <span class="method-name">SignIn</span>
                <span class="method-start">1262804 ms</span>
              </div> <!-- configuration-method before -->
              <div class="test-method">
                <span class="method-name">ExistingCustomer(Partial_Email, sumny@gmail.com, Mi4i9074)</span>
                <span class="method-start">1269581 ms</span>
              </div> <!-- test-method -->
              <div class="configuration-method after">
                <span class="method-name">closebowser</span>
                <span class="method-start">1276827 ms</span>
              </div> <!-- configuration-method after -->
              <div class="configuration-method before">
                <span class="method-name">SignIn</span>
                <span class="method-start">1277351 ms</span>
              </div> <!-- configuration-method before -->
              <div class="test-method">
                <img src="failed.png">
                </img>
                <span class="method-name">ExistingCustomer(Partial_PhnNo, 437-992, )</span>
                <span class="method-start">1280120 ms</span>
              </div> <!-- test-method -->
              <div class="configuration-method after">
                <span class="method-name">closebowser</span>
                <span class="method-start">1290182 ms</span>
              </div> <!-- configuration-method after -->
              <div class="configuration-method before">
                <span class="method-name">SignIn</span>
                <span class="method-start">1290556 ms</span>
              </div> <!-- configuration-method before -->
              <div class="test-method">
                <span class="method-name">ExistingCustomer(Emp_Password, thisisvirdi@gmail.com, )</span>
                <span class="method-start">1296341 ms</span>
              </div> <!-- test-method -->
              <div class="configuration-method after">
                <span class="method-name">closebowser</span>
                <span class="method-start">1309785 ms</span>
              </div> <!-- configuration-method after -->
              <div class="configuration-method before">
                <span class="method-name">SignIn</span>
                <span class="method-start">1310185 ms</span>
              </div> <!-- configuration-method before -->
              <div class="test-method">
                <img src="failed.png">
                </img>
                <span class="method-name">ExistingCustomer(Wrng_Password, thisisvirdi@gmail.com, sunny)</span>
                <span class="method-start">1312893 ms</span>
              </div> <!-- test-method -->
              <div class="configuration-method after">
                <span class="method-name">closebowser</span>
                <span class="method-start">1322937 ms</span>
              </div> <!-- configuration-method after -->
              <div class="configuration-method before">
                <span class="method-name">SignIn</span>
                <span class="method-start">1323375 ms</span>
              </div> <!-- configuration-method before -->
              <div class="test-method">
                <span class="method-name">ExistingCustomer(Valid, thisisvirdi@gmail.com, Mi4i9074)</span>
                <span class="method-start">1330227 ms</span>
              </div> <!-- test-method -->
              <div class="configuration-method after">
                <span class="method-name">closebowser</span>
                <span class="method-start">1351718 ms</span>
              </div> <!-- configuration-method after -->
            </div> <!-- chronological-class -->
            <div class="chronological-class">
              <div class="chronological-class-name">com.amazon.testcases.YourAccountTestCases</div> <!-- chronological-class-name -->
              <div class="configuration-method before">
                <span class="method-name">YourAccount</span>
                <span class="method-start">1352171 ms</span>
              </div> <!-- configuration-method before -->
              <div class="test-method">
                <span class="method-name">yourAccount</span>
                <span class="method-start">1359023 ms</span>
              </div> <!-- test-method -->
              <div class="configuration-method after">
                <span class="method-name">closebrowser</span>
                <span class="method-start">1386832 ms</span>
              </div> <!-- configuration-method after -->
          </div> <!-- main-panel-content rounded-window-bottom -->
        </div> <!-- panel -->
      </div> <!-- main-panel-root -->
    </div> <!-- wrapper -->
  </body>
<script type="text/javascript" src="testng-reports2.js"></script>
</html>
